<?xml version="1.0" encoding="UTF-8"?>
<testsuite name="StructureTest" tests="1" skipped="0" failures="0" errors="0" timestamp="2023-11-24T04:55:49" hostname="Nurbols-MBP" time="18.798">
  <properties/>
  <testcase name="printHtmlStructureTest()" classname="StructureTest" time="18.798"/>
  <system-out><![CDATA[<html lang="en" style="--scrollbar-offset: 0px; --primary-background-rgb: 246,248,249;"><head>
<meta name="generator" content="Pixieset">
<meta charset="utf-8">
<meta http-equiv="X-UA-Compatible" content="IE=edge">
<meta name="viewport" content="width=device-width, initial-scale=1">
<meta name="csrf-token" content="p027l0wDHeaaO8u2Uytm76EWX4lH8EuJxBeOxT5f">
<title>Home - Danny &amp; Co Photography LLC</title>
<style type="text/css">svg:not(:root).svg-inline--fa {
  overflow: visible;
}

.svg-inline--fa {
  display: inline-block;
  font-size: inherit;
  height: 1em;
  overflow: visible;
  vertical-align: -0.125em;
}
.svg-inline--fa.fa-lg {
  vertical-align: -0.225em;
}
.svg-inline--fa.fa-w-1 {
  width: 0.0625em;
}
.svg-inline--fa.fa-w-2 {
  width: 0.125em;
}
.svg-inline--fa.fa-w-3 {
  width: 0.1875em;
}
.svg-inline--fa.fa-w-4 {
  width: 0.25em;
}
.svg-inline--fa.fa-w-5 {
  width: 0.3125em;
}
.svg-inline--fa.fa-w-6 {
  width: 0.375em;
}
.svg-inline--fa.fa-w-7 {
  width: 0.4375em;
}
.svg-inline--fa.fa-w-8 {
  width: 0.5em;
}
.svg-inline--fa.fa-w-9 {
  width: 0.5625em;
}
.svg-inline--fa.fa-w-10 {
  width: 0.625em;
}
.svg-inline--fa.fa-w-11 {
  width: 0.6875em;
}
.svg-inline--fa.fa-w-12 {
  width: 0.75em;
}
.svg-inline--fa.fa-w-13 {
  width: 0.8125em;
}
.svg-inline--fa.fa-w-14 {
  width: 0.875em;
}
.svg-inline--fa.fa-w-15 {
  width: 0.9375em;
}
.svg-inline--fa.fa-w-16 {
  width: 1em;
}
.svg-inline--fa.fa-w-17 {
  width: 1.0625em;
}
.svg-inline--fa.fa-w-18 {
  width: 1.125em;
}
.svg-inline--fa.fa-w-19 {
  width: 1.1875em;
}
.svg-inline--fa.fa-w-20 {
  width: 1.25em;
}
.svg-inline--fa.fa-pull-left {
  margin-right: 0.3em;
  width: auto;
}
.svg-inline--fa.fa-pull-right {
  margin-left: 0.3em;
  width: auto;
}
.svg-inline--fa.fa-border {
  height: 1.5em;
}
.svg-inline--fa.fa-li {
  width: 2em;
}
.svg-inline--fa.fa-fw {
  width: 1.25em;
}

.fa-layers svg.svg-inline--fa {
  bottom: 0;
  left: 0;
  margin: auto;
  position: absolute;
  right: 0;
  top: 0;
}

.fa-layers {
  display: inline-block;
  height: 1em;
  position: relative;
  text-align: center;
  vertical-align: -0.125em;
  width: 1em;
}
.fa-layers svg.svg-inline--fa {
  -webkit-transform-origin: center center;
          transform-origin: center center;
}

.fa-layers-counter, .fa-layers-text {
  display: inline-block;
  position: absolute;
  text-align: center;
}

.fa-layers-text {
  left: 50%;
  top: 50%;
  -webkit-transform: translate(-50%, -50%);
          transform: translate(-50%, -50%);
  -webkit-transform-origin: center center;
          transform-origin: center center;
}

.fa-layers-counter {
  background-color: #ff253a;
  border-radius: 1em;
  -webkit-box-sizing: border-box;
          box-sizing: border-box;
  color: #fff;
  height: 1.5em;
  line-height: 1;
  max-width: 5em;
  min-width: 1.5em;
  overflow: hidden;
  padding: 0.25em;
  right: 0;
  text-overflow: ellipsis;
  top: 0;
  -webkit-transform: scale(0.25);
          transform: scale(0.25);
  -webkit-transform-origin: top right;
          transform-origin: top right;
}

.fa-layers-bottom-right {
  bottom: 0;
  right: 0;
  top: auto;
  -webkit-transform: scale(0.25);
          transform: scale(0.25);
  -webkit-transform-origin: bottom right;
          transform-origin: bottom right;
}

.fa-layers-bottom-left {
  bottom: 0;
  left: 0;
  right: auto;
  top: auto;
  -webkit-transform: scale(0.25);
          transform: scale(0.25);
  -webkit-transform-origin: bottom left;
          transform-origin: bottom left;
}

.fa-layers-top-right {
  right: 0;
  top: 0;
  -webkit-transform: scale(0.25);
          transform: scale(0.25);
  -webkit-transform-origin: top right;
          transform-origin: top right;
}

.fa-layers-top-left {
  left: 0;
  right: auto;
  top: 0;
  -webkit-transform: scale(0.25);
          transform: scale(0.25);
  -webkit-transform-origin: top left;
          transform-origin: top left;
}

.fa-lg {
  font-size: 1.3333333333em;
  line-height: 0.75em;
  vertical-align: -0.0667em;
}

.fa-xs {
  font-size: 0.75em;
}

.fa-sm {
  font-size: 0.875em;
}

.fa-1x {
  font-size: 1em;
}

.fa-2x {
  font-size: 2em;
}

.fa-3x {
  font-size: 3em;
}

.fa-4x {
  font-size: 4em;
}

.fa-5x {
  font-size: 5em;
}

.fa-6x {
  font-size: 6em;
}

.fa-7x {
  font-size: 7em;
}

.fa-8x {
  font-size: 8em;
}

.fa-9x {
  font-size: 9em;
}

.fa-10x {
  font-size: 10em;
}

.fa-fw {
  text-align: center;
  width: 1.25em;
}

.fa-ul {
  list-style-type: none;
  margin-left: 2.5em;
  padding-left: 0;
}
.fa-ul > li {
  position: relative;
}

.fa-li {
  left: -2em;
  position: absolute;
  text-align: center;
  width: 2em;
  line-height: inherit;
}

.fa-border {
  border: solid 0.08em #eee;
  border-radius: 0.1em;
  padding: 0.2em 0.25em 0.15em;
}

.fa-pull-left {
  float: left;
}

.fa-pull-right {
  float: right;
}

.fa.fa-pull-left,
.fas.fa-pull-left,
.far.fa-pull-left,
.fal.fa-pull-left,
.fab.fa-pull-left {
  margin-right: 0.3em;
}
.fa.fa-pull-right,
.fas.fa-pull-right,
.far.fa-pull-right,
.fal.fa-pull-right,
.fab.fa-pull-right {
  margin-left: 0.3em;
}

.fa-spin {
  -webkit-animation: fa-spin 2s infinite linear;
          animation: fa-spin 2s infinite linear;
}

.fa-pulse {
  -webkit-animation: fa-spin 1s infinite steps(8);
          animation: fa-spin 1s infinite steps(8);
}

@-webkit-keyframes fa-spin {
  0% {
    -webkit-transform: rotate(0deg);
            transform: rotate(0deg);
  }
  100% {
    -webkit-transform: rotate(360deg);
            transform: rotate(360deg);
  }
}

@keyframes fa-spin {
  0% {
    -webkit-transform: rotate(0deg);
            transform: rotate(0deg);
  }
  100% {
    -webkit-transform: rotate(360deg);
            transform: rotate(360deg);
  }
}
.fa-rotate-90 {
  -ms-filter: "progid:DXImageTransform.Microsoft.BasicImage(rotation=1)";
  -webkit-transform: rotate(90deg);
          transform: rotate(90deg);
}

.fa-rotate-180 {
  -ms-filter: "progid:DXImageTransform.Microsoft.BasicImage(rotation=2)";
  -webkit-transform: rotate(180deg);
          transform: rotate(180deg);
}

.fa-rotate-270 {
  -ms-filter: "progid:DXImageTransform.Microsoft.BasicImage(rotation=3)";
  -webkit-transform: rotate(270deg);
          transform: rotate(270deg);
}

.fa-flip-horizontal {
  -ms-filter: "progid:DXImageTransform.Microsoft.BasicImage(rotation=0, mirror=1)";
  -webkit-transform: scale(-1, 1);
          transform: scale(-1, 1);
}

.fa-flip-vertical {
  -ms-filter: "progid:DXImageTransform.Microsoft.BasicImage(rotation=2, mirror=1)";
  -webkit-transform: scale(1, -1);
          transform: scale(1, -1);
}

.fa-flip-both, .fa-flip-horizontal.fa-flip-vertical {
  -ms-filter: "progid:DXImageTransform.Microsoft.BasicImage(rotation=2, mirror=1)";
  -webkit-transform: scale(-1, -1);
          transform: scale(-1, -1);
}

:root .fa-rotate-90,
:root .fa-rotate-180,
:root .fa-rotate-270,
:root .fa-flip-horizontal,
:root .fa-flip-vertical,
:root .fa-flip-both {
  -webkit-filter: none;
          filter: none;
}

.fa-stack {
  display: inline-block;
  height: 2em;
  position: relative;
  width: 2.5em;
}

.fa-stack-1x,
.fa-stack-2x {
  bottom: 0;
  left: 0;
  margin: auto;
  position: absolute;
  right: 0;
  top: 0;
}

.svg-inline--fa.fa-stack-1x {
  height: 1em;
  width: 1.25em;
}
.svg-inline--fa.fa-stack-2x {
  height: 2em;
  width: 2.5em;
}

.fa-inverse {
  color: #fff;
}

.sr-only {
  border: 0;
  clip: rect(0, 0, 0, 0);
  height: 1px;
  margin: -1px;
  overflow: hidden;
  padding: 0;
  position: absolute;
  width: 1px;
}

.sr-only-focusable:active, .sr-only-focusable:focus {
  clip: auto;
  height: auto;
  margin: 0;
  overflow: visible;
  position: static;
  width: auto;
}

.svg-inline--fa .fa-primary {
  fill: var(--fa-primary-color, currentColor);
  opacity: 1;
  opacity: var(--fa-primary-opacity, 1);
}

.svg-inline--fa .fa-secondary {
  fill: var(--fa-secondary-color, currentColor);
  opacity: 0.4;
  opacity: var(--fa-secondary-opacity, 0.4);
}

.svg-inline--fa.fa-swap-opacity .fa-primary {
  opacity: 0.4;
  opacity: var(--fa-secondary-opacity, 0.4);
}

.svg-inline--fa.fa-swap-opacity .fa-secondary {
  opacity: 1;
  opacity: var(--fa-primary-opacity, 1);
}

.svg-inline--fa mask .fa-primary,
.svg-inline--fa mask .fa-secondary {
  fill: black;
}

.fad.fa-inverse {
  color: #fff;
}</style><link rel="shortcut icon" type="image/x-icon" href="https://images-pw.pixieset.com/profile/693795/25e0e404b3caa276ba7d0844b89db61167eabae901b9cd9191b368b6a29843d3.png">
<link rel="canonical" href="https://www.dannycophotography.com/">
<meta property="og:site_name" content="Home - Danny &amp; Co Photography LLC">
<meta property="og:title" content="Danny &amp; Co Photography LLC">
<meta property="og:url" content="https://www.dannycophotography.com/">
<meta property="og:type" content="website">
<meta property="og:description" content="Danny Pellei | Award-Winning Photographer based in Virginia. Shoots Portraits, Events, and Travel Photography and Videography">
<meta property="og:image" content="https://images-pw.pixieset.com/social/page/9353465/79a824f02383dd5341d9d54269d174535e40d430bf670fde6db616a2071a187e.jpg">
<meta property="og:image:width" content="6129">
<meta property="og:image:height" content="4086">
<meta itemprop="name" content="Danny &amp; Co Photography LLC">
<meta itemprop="url" content="https://www.dannycophotography.com/">
<meta itemprop="description" content="Danny Pellei | Award-Winning Photographer based in Virginia. Shoots Portraits, Events, and Travel Photography and Videography">
<meta itemprop="thumbnailUrl" content="https://images-pw.pixieset.com/social/page/9353465/79a824f02383dd5341d9d54269d174535e40d430bf670fde6db616a2071a187e.jpg">
<meta name="twitter:title" content="Danny &amp; Co Photography LLC">
<meta name="twitter:image" content="https://images-pw.pixieset.com/social/page/9353465/79a824f02383dd5341d9d54269d174535e40d430bf670fde6db616a2071a187e.jpg">
<meta name="twitter:url" content="https://www.dannycophotography.com/">
<meta name="twitter:card" content="summary">
<meta name="twitter:description" content="Danny Pellei | Award-Winning Photographer based in Virginia. Shoots Portraits, Events, and Travel Photography and Videography">
<meta name="description" content="Danny Pellei | Award-Winning Photographer based in Virginia. Shoots Portraits, Events, and Travel Photography and Videography">

<style>
	
</style>
<style>
				@font-face {
	font-family: "Izmir";
	font-weight: 300;
	font-style: normal;
	src: url(https://fonts-pw.pixieset.com/fonts/izmir/n3.woff2?Expires=1700816404&Signature=J-XXgBMO40Bng3YJKgmbgI8fXi33e-MRZhssojYmtyc64A6yKZYr5Z3fiSemKgaTo6m5WjJz~aRXmTYfW~vd1dsk3KOGUpZ2tUzEvlqBPUZ-fgb~E5c8C-8AKxhhQoKN1XPGweZ2ffCUzg0r2sWDDZF~xCRjNl4ZQ05OccDUT-9sKAu4vXrFzgRreHPc5t~Nu43aiNj6rOEXmzsYCfiQECcUrCkLfPFHO0fSMPCHQX5xWhpImVv1iiX4v12glwnlfgq9LdzBVteSJs4SaFv~1Zn8hvXaxWzSJGMjjbdL--Izt8LPHmHc6A-1xGgbmkXDbcqyGrP1s7L-m4e0yMEX-A__&Key-Pair-Id=K3RI8219ESW2NK) format("woff2"), url(https://fonts-pw.pixieset.com/fonts/izmir/n3.woff?Expires=1700816404&Signature=JQmKKoSKeheNsdyh6OH7AJmSr4JnNtp5Ko6VoYu0563qk~uHXQMvoy~54TAGE0fbknWXaao0S55hS-OVEfLXdOsFCMC5SmMIOm~bvuQmTVB97rEeJ0sQ3SBIU1HRecBo-wkFtHf1tEuEQ0LMgUrqJx72KQDYRDG8lJH2hL5AdfndLUpRVNc49z5oT3XJCp-pJtvoAmHSsKPvIcEv322t1O09WFwnI7zdj8jRTeCB7foZd31FTM2l1V-9gUguRTpywToVqWQBcVwKBeMq~YdwgvbQNUuD0HapvPs6-AsqgYfdO7xhyX8VvqnIK4IKUAagOIHnKWppLwgHDCJaPoIcgg__&Key-Pair-Id=K3RI8219ESW2NK) format("woff");
}
@font-face {
	font-family: "Izmir";
	font-weight: 300;
	font-style: italic;
	src: url(https://fonts-pw.pixieset.com/fonts/izmir/i3.woff2?Expires=1700816404&Signature=glJKX-0qbqNQ7CqLoHo4IoEraUAgxej4E2BOQV9xvT80ZzUBbAV~~6tArPfLMlRu7olU6K1YcT6BdKVchKI~L6naibS-bXHjT8-vQtaNfvkHbdVDX5H4kMhT3oh2V354Jglc3ysvsc3MIN5dwCLkTJjcVh4TM6zz0XWT5FQhyRjFjS~Jitdoao8iy91M2HTh0nLSQSdT91U6sFTPSUHWsiYKXtLBZJja1WFUitqqT2i8OR5BzJSMm9DSNUEe7sWPREMbq24-i3YLn5KqH~ktRKupdCeXaYZNMuAEuPjnzaKCzSlHYjoZTax1QETswoOIVIdHwTQnvIVDXoU0hIT~bw__&Key-Pair-Id=K3RI8219ESW2NK) format("woff2"), url(https://fonts-pw.pixieset.com/fonts/izmir/i3.woff?Expires=1700816404&Signature=M75MmUjiO64RGCBCmTVxdE1DoYz5do-XvMNFiP0qxP7RUVq~fqbFiOvuMnHNcBa7SsqFg69F2UObulw9hNSHhXozcEKdvcMe5CfR~6M2NYxe-56~FDyhxOdTWMtRlcKI4S7EMJ~rbq9xzMtAtm3I9x1llNG2WB7bI6Q9fqwEe2aVT17skC1rCpajTgUHxVyzYMHTsJ-PyS8I6pG1cZ4UHa153X6ogi9HdZZFt~5BCVToEF8~LXqyeV4ApQA4uAmxE9ufnOsWztcMi1eoQOWBo~l-KHeTI~a7OvVv9FArIYWMrJMEpDPXrPi~L0-RSV~ZYZ7m8caTCNONxIG-mhllyQ__&Key-Pair-Id=K3RI8219ESW2NK) format("woff");
}
@font-face {
	font-family: "Izmir";
	font-weight: 400;
	font-style: normal;
	src: url(https://fonts-pw.pixieset.com/fonts/izmir/n4.woff2?Expires=1700816404&Signature=U5Wo-FtV-P7dZS94SbQzsH1hNqqZL4P8GKXZlLM~-OcE5Fjv66l2m4~22AKz2cZ8KXD2vpqv~lOze0tmKJGYIl7Xh-q7K-aDpKZl7QNJ5oFnCkzOISXV11UDgdFYJBVp5UkJCcQmZq6JMGondQ7IKs~RA5fVU6eDmCibMsFdelMUVZGsrmM1vKf6FXB~qby4dLHjHiQDIEUd68odIIjoNVMvcUi~s-8lBpgfbSNHWhq0pC82s4~wZAyCzAcN~yK8u1h7P49CHe3SDGN10enfNfEUzVIE97HOhd~ON0QAxDvf3zbnVxd8utulch2DwirLFUTB7G4M~KpmusX0ErTFzQ__&Key-Pair-Id=K3RI8219ESW2NK) format("woff2"), url(https://fonts-pw.pixieset.com/fonts/izmir/n4.woff?Expires=1700816404&Signature=hTXC~9NfyIy~nqpDj-7S2BNeFNtF3JZVZV7qjysLyMvGWKCpcZBkm9Inujbyp3uayo7e47a8ljmSe9afdzSTCTk35k5LoMbWF8ByJkkg8H8HWTBUkPILW7qRJOUIiKwquTU6F8Vx4staOVVY5lak2r9NH8ruSXnI7xrPVkyhQzFg8PhxZnm-zsNysN1Ns4Am9L73MPmmhl5bcfL9WLZU69TRi5SE7xPtxn2T1Lj4jgUHwoHmZN539~lakGbFGJzfQZbUxtXwoYD4cXzMdzLIJ4n5HhH5yXajFi6pL6C7-xRRDwCKohny0zYxa0Pg75F6o0E0dj7h3I3pYW19jm3puA__&Key-Pair-Id=K3RI8219ESW2NK) format("woff");
}
@font-face {
	font-family: "Izmir";
	font-weight: 400;
	font-style: italic;
	src: url(https://fonts-pw.pixieset.com/fonts/izmir/i4.woff2?Expires=1700816404&Signature=Dv4XhjneietruGUJWSS3ePSLuvr11KDaeuGSSeb1p78Yu~99kZ0ZtF1r7cYBrqVEuxszUeuNVJxIArHgmlF8U4XqWljRhkqiPtiIYD3ST3gB4UtE3GTzvsJkOQy8Wie1QrdkYG2iW8cw8HI7D8-u-XU6yHGHULOHTKBN2D5VUQ7BSJET602Eh2iD5QCOV-IkMPeoN7IlM4lN6AjX4yD5XuSUdpRKNcZ9YuNbmzqlWIb50bHJdRv0YCsbV3NHRByXsFBORd2OjaCLHr0uxEmvF5IMc0ZWVQgChisPkYZ3J6mrBCdJBlkoCI~6-TBD7~2YRlLrpfedJtsUYz9D7Z8QzQ__&Key-Pair-Id=K3RI8219ESW2NK) format("woff2"), url(https://fonts-pw.pixieset.com/fonts/izmir/i4.woff?Expires=1700816404&Signature=lPAExvbsfm24Ryh--zDh8mzB8r6kTa6KsfDONeR6gFG-haHEJf5YuFt7IOY~xwe3z2ZG96xePiLeoSvUDDUhGVW7h8qZZlhmXC0sUEtYGx9vPdhZRk7tgPyVDckQpPLUFepOhIiF42nTU2UfYIu8wWuZ49-n0pYOLqjwA0vEH7tzoaB9~C7R78NTAGkXcHDAZpWNEkXkGzq0XwQv2PPK8zVm-l~nEwkN0kQxc6nDVGmXI4Y9jL4-F6KisgO4iYE2ASgy0zwsdwE0WtyNqQXCSQTf16TZIbk6FnFoTsdkIE90HqG3v7XZ~LQJNZxAPcqFTmCY1gF1UIQk060ZQt1BgQ__&Key-Pair-Id=K3RI8219ESW2NK) format("woff");
}
@font-face {
	font-family: "Izmir";
	font-weight: 500;
	font-style: normal;
	src: url(https://fonts-pw.pixieset.com/fonts/izmir/n5.woff2?Expires=1700816404&Signature=hZNr0LGEialo7-TYOF3nsyY1v-H4yvvJJISyoCCfbe9BPHNIyQcKj0ZkxSquUaDzZkVHma8oZPxD~Gs4Ns7GWG812sG8ZKqDhCGyAjwC1JoI1GpCv1wGe35-s3E7UlLld9ZsIddnvHWwSKs2NXNLI3ZHs39mc3Hm~yvqNb6KJJiZiTUEaEWfnwRlbtvSHlm7Jwu1Na5Kd73xr3R7MDWA6o99V6rek4CgGxyXCpSnp91ojyk58rWklXQkfQrIkithXN3aYmkB~IPAnIv2TLrRswLBhBbzn4Y9Wuu0DwNllwz4~qTOP6r0Zpts1apM0GEvs35Ilg2uaUga3epPnU3TwA__&Key-Pair-Id=K3RI8219ESW2NK) format("woff2"), url(https://fonts-pw.pixieset.com/fonts/izmir/n5.woff?Expires=1700816404&Signature=Bm2edYInCmoIDFDN9L4Q32APsq6JE92W5xpaXAXwCb6E~LPImp-5DPX2BTlohT-2Y2pcMHgOeHhwh5cSa9lgpE~W3M8EtVYcOeXa35AThEbIEKFcvSPHChYv~QyShMWfO3zGE1ZDrBKCNxiUS0Q-D-51SturFFnoLgfWDiAxo01-1K5UsUsL0TiiFYPw2x8K~Toe8DVsBa2VgTmQW4XQOO-KtNCJqfS16jmecrQdzoR3Z10JkzomP3pmNqHRGpizayDEqd0XNVZQXVLTuc5qcTUQWHzmnIu1mSx8n~-9ofUEGaIsVZ-XkrwBSvYh9RWb1jnHEqyhILkKRM3h24EdJQ__&Key-Pair-Id=K3RI8219ESW2NK) format("woff");
}
@font-face {
	font-family: "Izmir";
	font-weight: 500;
	font-style: italic;
	src: url(https://fonts-pw.pixieset.com/fonts/izmir/i5.woff2?Expires=1700816404&Signature=crnF0A5vJMdGKPza8Bby~rhr9wgmkSYcHiZpFCtWlieCQ0TH7oqXrbUhHjTO~MK-DQanwHDJCEsVsAMVDGhhRzfNb2Lj4YzK2FDD89OvyQ6w3Ai-gIYvEmm7iwPm8-iXQvZEAhLfnoG0BvDm1tcjH~SGUdvP0~SOjY89CZP-CVLTn6~xjYKHvDR1IGJIxUf0pjhBrQ87b9uzJvcebn1ClN12bsQwqKIoHxOScnN4JSMm174MYZm98Jj~S93WXH432ARgoxqjDe9M5FqiIPZNyi9TkH5p~keMe4-hjfc9qPmQ1x9OC7I7AU2sp7jmyJkpNY66IBTrIcoPjdbpOTAhJg__&Key-Pair-Id=K3RI8219ESW2NK) format("woff2"), url(https://fonts-pw.pixieset.com/fonts/izmir/i5.woff?Expires=1700816404&Signature=o7jprMDmrvCaSni9Y2qfVEf~3Wgfr5uSaNek-ZlmnTrc6AgZtuiLkoiDuPZ7XFN6C9VfQtulEbX~kNyXwsN1gtpCgtXVxBCAjpBrOdqws3QYpNKK-yqjB~7ITLBpBkNb09iPXZc5Ub70zwX1BxJpYCJjWPkBDMDkb1Z7SqhmXfHW8psriw-RMvl9DkfXNMzNM18zVzd5nQRQ2DzO2cWmn4zKpKqUpwdalUcqBuMJT2DasYedLPAiSxp4bPPRcSruZoIc6j9PqFFna~yP5~EdYd~RgXIlo1KZirS2~HTXZcMPOJIU~qHqcFBnCkPflMiXtSEl6~q5dGB14Ot2S5ZqFw__&Key-Pair-Id=K3RI8219ESW2NK) format("woff");
}
@font-face {
	font-family: "Izmir";
	font-weight: 700;
	font-style: normal;
	src: url(https://fonts-pw.pixieset.com/fonts/izmir/n7.woff2?Expires=1700816405&Signature=Vj3wpHHCtQQGur04yYulfTaZD74mIaJajeB-bmHrbuphCvOS4qdrWiUhgZwUlexTI8ws-48RfC5q8P6ilOhirBWSOrA8Ox~LoHMV46oLZv3WbIIYQWN~b8UU7h9XnrBEbd-jmWqLoOk~UIExqLt1kNKTOyoUhRbGyrgrCyrxZjOtmZCVXeg~pNLt7CFIgnQX2hvKfRYG5k0X3ANbeSO1np9bV4yvXbiCgZS2crkY~HGSqMNKWD8pE9hHQ12DFMUc3DvaPHjkprCfRyj9rCX26mHuToowTHibsSpvCVeiCtY58sHZRtM6vSagQEYZBe~o4WtZLcAtN-V6jC4HTrahVw__&Key-Pair-Id=K3RI8219ESW2NK) format("woff2"), url(https://fonts-pw.pixieset.com/fonts/izmir/n7.woff?Expires=1700816405&Signature=KFMONNM99HcKsL9gyRDDRFk9sFE1cDBedBTfE8JkK3pz7daJEywbVZ-IYrU3ZqrlsXCMD0ceyH7mJz5aBzuW60DhSb2GRTtIf1L0vwOLK~DZrd8bn-ls6mTdoldnjrM~-VbAW7f-PMPsWR9vVO9zDDGcWRHT1heg3CFR6IXKwddPrp83Wd4HSkeLiMx7OU7PDV8bCJ8YJLjwSKIJCluex3Yv6x2aZNzJkTx4Ob4AFcWFWNJVV3r0JJzInqVorxI76y~Zid17IDOIlqPgeK4hfKmZhdDerRqsWnAbLGE5GI1Wu-wKeZYfU1m~1FeKHNOCvIRbAHL5yeTu3aH4CxR-HA__&Key-Pair-Id=K3RI8219ESW2NK) format("woff");
}
@font-face {
	font-family: "Izmir";
	font-weight: 700;
	font-style: italic;
	src: url(https://fonts-pw.pixieset.com/fonts/izmir/i7.woff2?Expires=1700816405&Signature=EqpDq27lVF14te7YNGTPIUuxVyRJbuXSfGcjA50tcNGuugsKqzLu~PsolW7RokERDRtT5etw71m1lK73c4eZ7xSFMziOmVVJ8RKW4XMXYPU0sWRJmmkMmtg5jGanM3yVLEY1C0arADdR8gYOdl6Ojhe-Hzweq8vIYJuY5P7f2-rkqu9lWHtIj~EcY9q23rB~g5zyuqkAe80DeL-HdLE9YvEaFwmMMDbD5agG-k5GPgdxhSVmvLRPH1DJBqDsEfOHTafVlwCRv9CnVfGfqm00WjWMj2VvdoqPsX2ZwF8VwL5XH5fSMs-C4a99K-s4kYb-b~Wnu8a9Fxbv3MkQZYSozQ__&Key-Pair-Id=K3RI8219ESW2NK) format("woff2"), url(https://fonts-pw.pixieset.com/fonts/izmir/i7.woff?Expires=1700816405&Signature=Qi4kNDxGsxZMaJC5A1GfjazTiv-km1bp2FcL70-lKtz6eBxHC5P2pHexXuF7NS-2BqJvYA02qZjf0OgoOgeVRTMlSAVWC3meMSUkrAiUhjspsdXRleAyF6RJVlgI60g2V098H20RY5wDT2jmHltMmGZnppewbWTUksb2EwEnbCpVaZ7R-0iskZUbH7~VO94TBE7YpmvabvZ4Ro8TSYAgvUlVCC-7514n-do3NwqDe4v9MsKaE1P8apfkaINxoj55nM4qSA7IQB9pUVpV7izK7JTqGJKm0xvUZt84AztznSuONqgUGDSoCLXMTVTFlJJ5KY4zQmh-q189vaXFPnJ-eQ__&Key-Pair-Id=K3RI8219ESW2NK) format("woff");
}
			</style>
<link href="https://assets-pw.pixieset.com/assets/client/css/themes/theme_10.v-18e0386b.css" rel="stylesheet">
<style>
			:root {--base-size:16px;--display-heading_font-family:'Izmir', sans-serif;--display-heading_font-weight:400;--display-heading_font-style:normal;--display-heading_font-size-small: min(3.375rem, 1rem + 2.64vh);--display-heading_font-size: min(3.375rem, 1rem + 2.64vw);--display-heading_font-size-large: 3.375rem;--display-heading_line-height:1.3em;--display-heading_letter-spacing:0em;--display-heading_text-transform:none;--display-subtitle_font-family:'Izmir', sans-serif;--display-subtitle_font-weight:400;--display-subtitle_font-style:normal;--display-subtitle_font-size-small: min(1rem, 1rem + 0vh);--display-subtitle_font-size: min(1rem, 1rem + 0vw);--display-subtitle_font-size-large: 1rem;--display-subtitle_line-height:1.63em;--display-subtitle_letter-spacing:0.19em;--display-subtitle_text-transform:uppercase;--heading-1_font-family:'Izmir', sans-serif;--heading-1_font-weight:400;--heading-1_font-style:normal;--heading-1_font-size-small: min(2.375rem, 1rem + 1.53vh);--heading-1_font-size: min(2.375rem, 1rem + 1.53vw);--heading-1_font-size-large: 2.375rem;--heading-1_line-height:1.5em;--heading-1_letter-spacing:-0.02em;--heading-1_text-transform:none;--heading-2_font-family:'Izmir', sans-serif;--heading-2_font-weight:400;--heading-2_font-style:normal;--heading-2_font-size-small: min(1.75rem, 1rem + 0.83vh);--heading-2_font-size: min(1.75rem, 1rem + 0.83vw);--heading-2_font-size-large: 1.75rem;--heading-2_line-height:1.5em;--heading-2_letter-spacing:0em;--heading-2_text-transform:none;--heading-3_font-family:'Izmir', sans-serif;--heading-3_font-weight:400;--heading-3_font-style:normal;--heading-3_font-size-small: min(1.5rem, 1rem + 0.56vh);--heading-3_font-size: min(1.5rem, 1rem + 0.56vw);--heading-3_font-size-large: 1.5rem;--heading-3_line-height:1.5em;--heading-3_letter-spacing:0em;--heading-3_text-transform:none;--heading-4_font-family:'Izmir', sans-serif;--heading-4_font-weight:400;--heading-4_font-style:normal;--heading-4_font-size-small: min(1.125rem, 1rem + 0.14vh);--heading-4_font-size: min(1.125rem, 1rem + 0.14vw);--heading-4_font-size-large: 1.125rem;--heading-4_line-height:1.4em;--heading-4_letter-spacing:0.17em;--heading-4_text-transform:uppercase;--heading-5_font-family:'Izmir', sans-serif;--heading-5_font-weight:400;--heading-5_font-style:normal;--heading-5_font-size-small: min(0.875rem, 1rem + -0.14vh);--heading-5_font-size: min(0.875rem, 1rem + -0.14vw);--heading-5_font-size-large: 0.875rem;--heading-5_line-height:1.6em;--heading-5_letter-spacing:0.2em;--heading-5_text-transform:uppercase;--heading-6_font-family:'Izmir', sans-serif;--heading-6_font-weight:400;--heading-6_font-style:normal;--heading-6_font-size-small: min(0.75rem, 1rem + -0.28vh);--heading-6_font-size: min(0.75rem, 1rem + -0.28vw);--heading-6_font-size-large: 0.75rem;--heading-6_line-height:1.5em;--heading-6_letter-spacing:0.25em;--heading-6_text-transform:uppercase;--paragraph-1_font-family:'Izmir', sans-serif;--paragraph-1_font-weight:400;--paragraph-1_font-style:normal;--paragraph-1_font-size-small: min(1.125rem, 1rem + 0.14vh);--paragraph-1_font-size: min(1.125rem, 1rem + 0.14vw);--paragraph-1_font-size-large: 1.125rem;--paragraph-1_line-height:1.78em;--paragraph-1_letter-spacing:0em;--paragraph-1_text-transform:none;--paragraph-2_font-family:'Izmir', sans-serif;--paragraph-2_font-weight:400;--paragraph-2_font-style:normal;--paragraph-2_font-size-small: min(0.9375rem, 1rem + -0.07vh);--paragraph-2_font-size: min(0.9375rem, 1rem + -0.07vw);--paragraph-2_font-size-large: 0.9375rem;--paragraph-2_line-height:2em;--paragraph-2_letter-spacing:0em;--paragraph-2_text-transform:none;--paragraph-3_font-family:'Izmir', sans-serif;--paragraph-3_font-weight:400;--paragraph-3_font-style:normal;--paragraph-3_font-size-small: min(0.75rem, 1rem + -0.28vh);--paragraph-3_font-size: min(0.75rem, 1rem + -0.28vw);--paragraph-3_font-size-large: 0.75rem;--paragraph-3_line-height:1.8em;--paragraph-3_letter-spacing:0em;--paragraph-3_text-transform:none;--site-title_font-family:'Izmir', sans-serif;--site-title_font-weight:500;--site-title_font-style:normal;--site-title_font-size-small: min(1.125rem, 1rem + 0.14vh);--site-title_font-size: min(1.125rem, 1rem + 0.14vw);--site-title_font-size-large: 1.125rem;--site-title_line-height:1.63em;--site-title_letter-spacing:0.19em;--site-title_text-transform:uppercase;--navigation_font-family:'Izmir', sans-serif;--navigation_font-weight:400;--navigation_font-style:normal;--navigation_font-size-small: min(0.8125rem, 1rem + -0.21vh);--navigation_font-size: min(0.8125rem, 1rem + -0.21vw);--navigation_font-size-large: 0.8125rem;--navigation_line-height:1.26em;--navigation_letter-spacing:0.2em;--navigation_text-transform:uppercase;--sub-navigation_font-family:'Izmir', sans-serif;--sub-navigation_font-weight:400;--sub-navigation_font-style:normal;--sub-navigation_font-size-small: min(0.85714285714286rem, 1rem + -0.16vh);--sub-navigation_font-size: min(0.85714285714286rem, 1rem + -0.16vw);--sub-navigation_font-size-large: 0.85714285714286rem;--sub-navigation_line-height:1.5em;--sub-navigation_letter-spacing:0em;--sub-navigation_text-transform:none;--overlay-navigation_font-family:'Izmir', sans-serif;--overlay-navigation_font-weight:400;--overlay-navigation_font-style:normal;--overlay-navigation_font-size-small: min(2rem, 1rem + 1.11vh);--overlay-navigation_font-size: min(2rem, 1rem + 1.11vw);--overlay-navigation_font-size-large: 2rem;--overlay-navigation_line-height:1.5em;--overlay-navigation_letter-spacing:0em;--overlay-navigation_text-transform:none;--overlay-sub-navigation_font-family:'Izmir', sans-serif;--overlay-sub-navigation_font-weight:400;--overlay-sub-navigation_font-style:normal;--overlay-sub-navigation_font-size-small: min(1.125rem, 1rem + 0.14vh);--overlay-sub-navigation_font-size: min(1.125rem, 1rem + 0.14vw);--overlay-sub-navigation_font-size-large: 1.125rem;--overlay-sub-navigation_line-height:1.78em;--overlay-sub-navigation_letter-spacing:0em;--overlay-sub-navigation_text-transform:none;--button_font-family:'Izmir', sans-serif;--button_font-weight:400;--button_font-style:normal;--button_font-size-small: min(0.875rem, 1rem + -0.14vh);--button_font-size: min(0.875rem, 1rem + -0.14vw);--button_font-size-large: 0.875rem;--button_line-height:1.6em;--button_letter-spacing:0.2em;--button_text-transform:uppercase;--form-label_font-family:'Izmir', sans-serif;--form-label_font-weight:400;--form-label_font-style:normal;--form-label_font-size-small: min(0.75rem, 1rem + -0.28vh);--form-label_font-size: min(0.75rem, 1rem + -0.28vw);--form-label_font-size-large: 0.75rem;--form-label_line-height:1.5em;--form-label_letter-spacing:0.25em;--form-label_text-transform:uppercase;--pullquote_font-family:'Izmir', sans-serif;--pullquote_font-weight:400;--pullquote_font-style:normal;--pullquote_font-size-small: min(1.875rem, 1rem + 0.97vh);--pullquote_font-size: min(1.875rem, 1rem + 0.97vw);--pullquote_font-size-large: 1.875rem;--pullquote_line-height:1.4em;--pullquote_letter-spacing:-0.02em;--pullquote_text-transform:none;--global-block-padding:5.3vmax;--horizontal-side-padding:2.38vw;--padding-scaling-xs:1.13;--padding-scaling-sm:1.13;--padding-scaling-md:1.00;--padding-scaling-lg:1.00;--max-page-width:1400px;--button-width:30px;--button-height:20px;}
		</style>
<style id="js-ac-css-variables">:root {--primary-background:#F6F8F9;--primary-headings:#000000;--primary-paragraphs:#4C4C4C;--primary-details:#D8DADB;--accent-background:#EAEFF2;--accent-headings:#000000;--accent-paragraphs:#4C4C4C;--accent-details:#CCD1D4;--button-background:#454B57;--button-text:#FFFFFF;--button-background-hover:#000000;--button-text-hover:#FFFFFF;}</style>
<style id="js-ac-css-definitions">.ca-background-g77xVg{background-color:var(--primary-background);}.ca-title-2WdqbB{color:var(--primary-headings);}.ca-subtitle-2v1n9g{color:var(--primary-headings);}.ca-social-icons-gPvonB{color:var(--button-background);}.ca-social-icons-hover-Byz9nN:hover,.ca-social-icons-hover-Byz9nN:active,.ca-social-icons-hover-Byz9nN:focus{color:var(--button-background-hover);}.ca-button-NQK4W2{--local-button:var(--button-background);}.ca-button-hover-gamvQg:hover,.ca-button-hover-gamvQg:active,.ca-button-hover-gamvQg:focus{--local-button-hover:var(--button-background-hover);}.ca-button-text-2YonkN{--local-button-text:var(--button-text);}.ca-button-text-hover-NVjqLN:hover,.ca-button-text-hover-NVjqLN:active,.ca-button-text-hover-NVjqLN:focus{--local-button-text-hover:var(--button-text-hover);}.ca-pixieset-logo-2wMJAN{stroke:var(--button-background);}.ca-pixieset-logo-hover-2nvWb2:hover,.ca-pixieset-logo-hover-2nvWb2:active,.ca-pixieset-logo-hover-2nvWb2:focus{stroke:var(--button-background-hover);}.ca-pixieset-logo-fill-gLG1DN{fill:var(--button-background);}.ca-pixieset-logo-fill-hover-B9vwON:hover,.ca-pixieset-logo-fill-hover-B9vwON:active,.ca-pixieset-logo-fill-hover-B9vwON:focus{fill:var(--button-background-hover);}.ca-background-N1xJDB{background-color:var(--primary-background);}.ca-title-gmQrag{color:var(--primary-headings);}.ca-subtitle-NO4EXg{color:var(--primary-headings);}.ca-social-icons-Nzd9k2{color:var(--button-background);}.ca-social-icons-hover-gjJLKg:hover,.ca-social-icons-hover-gjJLKg:active,.ca-social-icons-hover-gjJLKg:focus{color:var(--button-background-hover);}.ca-button-BKA86g{--local-button:var(--button-background);}.ca-button-hover-BJGLKN:hover,.ca-button-hover-BJGLKN:active,.ca-button-hover-BJGLKN:focus{--local-button-hover:var(--button-background-hover);}.ca-button-text-NbLRv2{--local-button-text:var(--button-text);}.ca-button-text-hover-BplZMB:hover,.ca-button-text-hover-BplZMB:active,.ca-button-text-hover-BplZMB:focus{--local-button-text-hover:var(--button-text-hover);}.ca-background-N4zw02{background-color:var(--primary-background);}.ca-card-2q3rJN{background-color:var(--accent-background);}.ca-title-gGV56N{color:var(--primary-headings);}.ca-subtitle-NepdGB{color:var(--primary-headings);}.ca-social-icons-g5eEpg{color:var(--button-background);}.ca-social-icons-hover-gx7XPN:hover,.ca-social-icons-hover-gx7XPN:active,.ca-social-icons-hover-gx7XPN:focus{color:var(--button-background-hover);}.ca-button-NRePPB{--local-button:var(--button-background);}.ca-button-hover-BXdoRB:hover,.ca-button-hover-BXdoRB:active,.ca-button-hover-BXdoRB:focus{--local-button-hover:var(--button-background-hover);}.ca-button-text-gE7j7B{--local-button-text:var(--button-text);}.ca-button-text-hover-gdzeRB:hover,.ca-button-text-hover-gdzeRB:active,.ca-button-text-hover-gdzeRB:focus{--local-button-text-hover:var(--button-text-hover);}.ca-pixieset-logo-go0dP2{stroke:var(--button-background);}.ca-pixieset-logo-hover-BDVb1g:hover,.ca-pixieset-logo-hover-BDVb1g:active,.ca-pixieset-logo-hover-BDVb1g:focus{stroke:var(--button-background-hover);}.ca-pixieset-logo-fill-2r8oZN{fill:var(--button-background);}.ca-pixieset-logo-fill-hover-BZdRpg:hover,.ca-pixieset-logo-fill-hover-BZdRpg:active,.ca-pixieset-logo-fill-hover-BZdRpg:focus{fill:var(--button-background-hover);}.ca-background-BA31Jg{background-color:var(--primary-background);}.ca-title-2kv47g{color:var(--primary-headings);}.ca-subtitle-N0xJoN{color:var(--primary-headings);}.ca-social-icons-glPRGg{color:var(--button-background);}.ca-social-icons-hover-g3OK8g:hover,.ca-social-icons-hover-g3OK8g:active,.ca-social-icons-hover-g3OK8g:focus{color:var(--button-background-hover);}.ca-button-B8W4Q2{--local-button:var(--button-background);}.ca-button-hover-26kxoB:hover,.ca-button-hover-26kxoB:active,.ca-button-hover-26kxoB:focus{--local-button-hover:var(--button-background-hover);}.ca-button-text-2Mo5dN{--local-button-text:var(--button-text);}.ca-button-text-hover-g77OVg:hover,.ca-button-text-hover-g77OVg:active,.ca-button-text-hover-g77OVg:focus{--local-button-text-hover:var(--button-text-hover);}.ca-pixieset-logo-2WdKbB{stroke:var(--button-background);}.ca-pixieset-logo-hover-2v1w9g:hover,.ca-pixieset-logo-hover-2v1w9g:active,.ca-pixieset-logo-hover-2v1w9g:focus{stroke:var(--button-background-hover);}.ca-pixieset-logo-fill-gPvknB{fill:var(--button-background);}.ca-pixieset-logo-fill-hover-ByzrnN:hover,.ca-pixieset-logo-fill-hover-ByzrnN:active,.ca-pixieset-logo-fill-hover-ByzrnN:focus{fill:var(--button-background-hover);}.ca-background-2wXbmB{background-color:var(--primary-background);}.ca-categories-2naLng{color:var(--primary-headings);}.ca-title-gL6L7B{color:var(--primary-headings);}.ca-date-B9JAPN{color:var(--primary-paragraphs);}.ca-category-N1zA6g{color:var(--primary-headings);}.ca-search-icon-gmynmg{color:var(--primary-paragraphs);}.ca-pagination-NOWmlN{color:var(--primary-headings);}.ca-button-NzvkxN{--local-button:var(--button-background);}.ca-button-text-gjeYZN{--local-button-text:var(--button-text);}.ca-button-hover-BK5neg:hover,.ca-button-hover-BK5neg:active,.ca-button-hover-BK5neg:focus{--local-button-hover:var(--button-background-hover);}.ca-button-text-hover-BJ3wyN:hover,.ca-button-text-hover-BJ3wyN:active,.ca-button-text-hover-BJ3wyN:focus{--local-button-text-hover:var(--button-text-hover);}.ca-overlay-background-NbOMJg{background-color:var(--primary-background);}.ca-close-icon-Bpy1qN{color:var(--primary-paragraphs);}.ca-search-outline-N4yAVg{border-color:var(--primary-details);}.ca-search-text-2qymM2{color:var(--primary-paragraphs);}.ca-search-results-gGGa3g{color:var(--primary-headings);}.ca-separator-Ne4vXB{background-color:var(--primary-details);}.ca-arrow-g5OAJB{color:var(--button-background);}.ca-background-gx9pZ2{background-color:var(--primary-background);}.ca-categories-NRljn2{color:var(--primary-headings);}.ca-title-BXRq4g{color:var(--primary-headings);}.ca-date-gEpy6N{color:var(--primary-paragraphs);}.ca-category-gddWmg{color:var(--primary-headings);}.ca-search-icon-gov99N{color:var(--primary-paragraphs);}.ca-pagination-BDGPZ2{color:var(--primary-headings);}.ca-button-2rnOD2{--local-button:var(--button-background);}.ca-button-text-BZQe82{--local-button-text:var(--button-text);}.ca-button-hover-BAQ7AB:hover,.ca-button-hover-BAQ7AB:active,.ca-button-hover-BAQ7AB:focus{--local-button-hover:var(--button-background-hover);}.ca-button-text-hover-2kkV02:hover,.ca-button-text-hover-2kkV02:active,.ca-button-text-hover-2kkV02:focus{--local-button-text-hover:var(--button-text-hover);}.ca-overlay-background-N0KAEB{background-color:var(--primary-background);}.ca-close-icon-glywm2{color:var(--primary-paragraphs);}.ca-search-outline-g3xAb2{border-color:var(--accent-details);}.ca-search-text-B8KAb2{color:var(--primary-paragraphs);}.ca-search-results-26GZlB{color:var(--primary-headings);}.ca-background-2M4ZRg{background-color:var(--primary-background);}.ca-categories-g7EZOB{color:var(--primary-headings);}.ca-title-2WwMw2{color:var(--primary-headings);}.ca-date-2vXl1N{color:var(--primary-paragraphs);}.ca-category-gPEZj2{color:var(--primary-headings);}.ca-search-icon-ByW6bg{color:var(--primary-paragraphs);}.ca-pagination-NQ0ZEB{color:var(--primary-headings);}.ca-button-ganwd2{--local-button:var(--button-background);}.ca-button-text-2YvWpB{--local-button-text:var(--button-text);}.ca-button-hover-NVM6AB:hover,.ca-button-hover-NVM6AB:active,.ca-button-hover-NVM6AB:focus{--local-button-hover:var(--button-background-hover);}.ca-button-text-hover-2wX3mB:hover,.ca-button-text-hover-2wX3mB:active,.ca-button-text-hover-2wX3mB:focus{--local-button-text-hover:var(--button-text-hover);}.ca-overlay-background-2na4ng{background-color:var(--primary-background);}.ca-close-icon-gL6Z7B{color:var(--primary-paragraphs);}.ca-search-outline-B9JZPN{border-color:var(--primary-details);}.ca-search-text-N1zZ6g{color:var(--primary-paragraphs);}.ca-search-results-gmypmg{color:var(--primary-headings);}.ca-background-ByWDZg{background-color:var(--primary-background);}.ca-button-NQ0ypB{--local-button:var(--button-background);}.ca-button-text-ganbx2{--local-button-text:var(--button-text);}.ca-button-hover-2Yv96B:hover,.ca-button-hover-2Yv96B:active,.ca-button-hover-2Yv96B:focus{--local-button-hover:var(--button-background-hover);}.ca-button-text-hover-NVMwJB:hover,.ca-button-text-hover-NVMwJB:active,.ca-button-text-hover-NVMwJB:focus{--local-button-text-hover:var(--button-text-hover);}.ca-background-g7EorB{background-color:var(--primary-background);}.ca-button-2WwR12{--local-button:var(--button-background);}.ca-button-hover-2vX3bN:hover,.ca-button-hover-2vX3bN:active,.ca-button-hover-2vX3bN:focus{--local-button-hover:var(--button-background-hover);}.ca-button-text-gPEqx2{--local-button-text:var(--button-text);}.ca-button-text-hover-ByWMag:hover,.ca-button-text-hover-ByWMag:active,.ca-button-text-hover-ByWMag:focus{--local-button-text-hover:var(--button-text-hover);}.ca-background-NQ0oxB{background-color:var(--primary-background);}.ca-title-gan9R2{color:var(--primary-headings);}.ca-subtitle-2YvQnB{color:var(--primary-headings);}.ca-button-NVMvKB{--local-button:var(--button-background);}.ca-button-hover-2wXZXB:hover,.ca-button-hover-2wXZXB:active,.ca-button-hover-2wXZXB:focus{--local-button-hover:var(--button-background-hover);}.ca-button-text-2narvg{--local-button-text:var(--button-text);}.ca-button-text-hover-gL6zkB:hover,.ca-button-text-hover-gL6zkB:active,.ca-button-text-hover-gL6zkB:focus{--local-button-text-hover:var(--button-text-hover);}.ca-background-B9JYxN{background-color:var(--primary-background);}.ca-title-N1zM1g{color:var(--primary-headings);}.ca-subtitle-gmyeog{color:var(--primary-headings);}.ca-button-NOWl7N{--local-button:var(--button-background);}.ca-button-hover-Nzv4ZN:hover,.ca-button-hover-Nzv4ZN:active,.ca-button-hover-Nzv4ZN:focus{--local-button-hover:var(--button-background-hover);}.ca-button-text-gjedMN{--local-button-text:var(--button-text);}.ca-button-text-hover-BK5zkg:hover,.ca-button-text-hover-BK5zkg:active,.ca-button-text-hover-BK5zkg:focus{--local-button-text-hover:var(--button-text-hover);}.ca-border-background-BJ3o6N{background-color:var(--primary-details);}.ca-background-NVMmmB{background-color:var(--primary-background);}.ca-card-2wXk4B{color:var(--primary-background);}.ca-tags-2naVYg{color:var(--primary-headings);}.ca-tags-hover-gL6yXB:hover,.ca-tags-hover-gL6yXB:active,.ca-tags-hover-gL6yXB:focus{color:var(--primary-headings);}.ca-lock-icon-B9JOAN{color:var(--primary-paragraphs);}.ca-title-N1zYZg{color:var(--primary-headings);}.ca-date-gmyYDg{color:var(--primary-paragraphs);}.ca-search-icon-NOWYkN{color:var(--primary-paragraphs);}.ca-search-icon-hover-Nzvb5N:hover,.ca-search-icon-hover-Nzvb5N:active,.ca-search-icon-hover-Nzvb5N:focus{color:var(--primary-headings);}.ca-search-bar-gjeyoN{color:var(--primary-headings);}.ca-search-border-BK5Pjg{border-color:var(--primary-details);}.ca-pagination-BJ3vpN{color:var(--primary-headings);}.ca-pagination-hover-NbO3eg:hover,.ca-pagination-hover-NbO3eg:active,.ca-pagination-hover-NbO3eg:focus{color:var(--primary-headings);}.ca-input-text-BpynPN{--local-input-text:var(--primary-headings);}.ca-icon-close-N4yDxg{color:var(--primary-paragraphs);}.ca-no-collections-icon-2qyzr2{color:var(--primary-headings);}.ca-no-collections-text-gGGQJg{color:var(--primary-headings);}.ca-background-Ne4y4B{background-color:var(--primary-background);}.ca-card-g5ODeB{color:var(--primary-background);}.ca-tags-gx9ql2{color:var(--primary-headings);}.ca-tags-hover-NRlzE2:hover,.ca-tags-hover-NRlzE2:active,.ca-tags-hover-NRlzE2:focus{color:var(--primary-headings);}.ca-title-BXR4Ag{color:var(--primary-headings);}.ca-date-gEpkAN{color:var(--primary-paragraphs);}.ca-lock-icon-gddP1g{color:var(--primary-paragraphs);}.ca-search-icon-govmJN{color:var(--primary-paragraphs);}.ca-search-icon-hover-BDGvo2:hover,.ca-search-icon-hover-BDGvo2:active,.ca-search-icon-hover-BDGvo2:focus{color:var(--primary-headings);}.ca-search-bar-2rnje2{color:var(--primary-headings);}.ca-pagination-BZQGq2{color:var(--primary-headings);}.ca-pagination-hover-BAQMKB:hover,.ca-pagination-hover-BAQMKB:active,.ca-pagination-hover-BAQMKB:focus{color:var(--primary-headings);}.ca-input-text-2kknz2{--local-input-text:var(--primary-details);}.ca-search-border-N0KDGB{border-color:var(--primary-details);}.ca-icon-close-glyLo2{color:var(--primary-paragraphs);}.ca-no-collections-icon-g3xry2{color:var(--primary-headings);}.ca-no-collections-text-B8KDd2{color:var(--primary-headings);}.ca-background-26GDVB{background-color:var(--primary-background);}.ca-decorative-line-2M4LYg{border-color:var(--primary-details);}.ca-tags-g7EDqB{color:var(--primary-headings);}.ca-tags-hover-2WwpY2:hover,.ca-tags-hover-2WwpY2:active,.ca-tags-hover-2WwpY2:focus{color:var(--primary-headings);}.ca-title-2vXpvN{color:var(--primary-headings);}.ca-date-gPEmz2{color:var(--primary-paragraphs);}.ca-lock-icon-ByWG0g{color:var(--primary-paragraphs);}.ca-search-icon-NQ0ObB{color:var(--primary-paragraphs);}.ca-search-icon-hover-N0KDmB:hover,.ca-search-icon-hover-N0KDmB:active,.ca-search-icon-hover-N0KDmB:focus{color:var(--primary-headings);}.ca-search-bar-glyL52{color:var(--primary-headings);}.ca-search-border-g3xrw2{border-color:var(--primary-details);}.ca-pagination-B8KDD2{color:var(--primary-headings);}.ca-pagination-hover-26GDOB:hover,.ca-pagination-hover-26GDOB:active,.ca-pagination-hover-26GDOB:focus{color:var(--primary-headings);}.ca-input-text-2M4LXg{--local-input-text:var(--primary-details);}.ca-icon-close-g7EDAB{color:var(--primary-paragraphs);}.ca-no-collections-icon-2WwpM2{color:var(--primary-headings);}.ca-no-collections-text-2vXpDN{color:var(--primary-headings);}.ca-arrow-gPEmG2{color:var(--button-background);}.ca-background-gmyxwg{background-color:var(--primary-background);}.ca-input-label-NOWMEN{--local-input-label:var(--primary-headings);}.ca-checkbox-fill-Nzv3pN{border-color:var(--primary-paragraphs);}.ca-input-background-gjeqeN{--local-input-background:var(--primary-background);}.ca-input-border-BK5lAg{--local-input-border:var(--primary-details);}.ca-input-text-BJ30jN{--local-input-text:var(--primary-paragraphs);}.ca-input-option-label-NbOqjg{--local-input-option-label:var(--primary-paragraphs);}.ca-description-BpyqeN{color:var(--primary-paragraphs);}.ca-button-N4yleg{--local-button:var(--button-background);}.ca-button-hover-2qyqo2:hover,.ca-button-hover-2qyqo2:active,.ca-button-hover-2qyqo2:focus{--local-button-hover:var(--button-background-hover);}.ca-button-text-gGGm4g{--local-button-text:var(--button-text);}.ca-button-text-hover-Ne4q0B:hover,.ca-button-text-hover-Ne4q0B:active,.ca-button-text-hover-Ne4q0B:focus{--local-button-text-hover:var(--button-text-hover);}.ca-success-message-g5O3nB{color:var(--primary-headings);}.ca-error-gx90R2{color:var(--primary-details);}.ca-background-NRlv72{background-color:var(--primary-background);}.ca-input-label-BXRVYg{--local-input-label:var(--accent-headings);}.ca-checkbox-fill-gEp9qN{border-color:var(--primary-paragraphs);}.ca-input-background-gddEpg{--local-input-background:var(--accent-background);}.ca-input-border-govXbN{--local-input-border:var(--primary-details);}.ca-input-text-BDGLd2{--local-input-text:var(--accent-paragraphs);}.ca-input-option-label-2rnqV2{--local-input-option-label:var(--primary-paragraphs);}.ca-description-BZQnM2{color:var(--primary-paragraphs);}.ca-button-BAQV6B{--local-button:var(--button-background);}.ca-button-hover-2kkqq2:hover,.ca-button-hover-2kkqq2:active,.ca-button-hover-2kkqq2:focus{--local-button-hover:var(--button-background-hover);}.ca-button-text-N0KpkB{--local-button-text:var(--button-text);}.ca-button-text-hover-glyq02:hover,.ca-button-text-hover-glyq02:active,.ca-button-text-hover-glyq02:focus{--local-button-text-hover:var(--button-text-hover);}.ca-success-message-g3x0v2{color:var(--primary-headings);}.ca-error-B8KMl2{color:var(--primary-details);}.ca-background-26G8bB{background-color:var(--primary-background);}.ca-input-label-2M48Dg{--local-input-label:var(--primary-headings);}.ca-checkbox-fill-g7E61B{border-color:var(--primary-paragraphs);}.ca-input-background-2WwYp2{--local-input-background:var(--primary-background);}.ca-input-border-2vXqkN{--local-input-border:var(--primary-details);}.ca-input-text-gPE702{--local-input-text:var(--primary-paragraphs);}.ca-input-option-label-ByWl4g{--local-input-option-label:var(--primary-paragraphs);}.ca-description-NQ0WZB{color:var(--primary-paragraphs);}.ca-button-ganDb2{--local-button:var(--button-background);}.ca-button-hover-2Yvw3B:hover,.ca-button-hover-2Yvw3B:active,.ca-button-hover-2Yvw3B:focus{--local-button-hover:var(--button-background-hover);}.ca-button-text-NVMarB{--local-button-text:var(--button-text);}.ca-button-text-hover-2wXoaB:hover,.ca-button-text-hover-2wXoaB:active,.ca-button-text-hover-2wXoaB:focus{--local-button-text-hover:var(--button-text-hover);}.ca-success-message-2naq9g{color:var(--primary-headings);}.ca-error-gL63qB{color:var(--primary-details);}.ca-background-ByWQ4g{background-color:var(--primary-background);}.ca-caption-NQ01ZB{color:var(--primary-paragraphs);}.ca-input-label-N0KkYB{--local-input-label:var(--primary-headings);}.ca-checkbox-fill-glyzO2{border-color:var(--primary-paragraphs);}.ca-input-background-g3xYd2{--local-input-background:var(--primary-background);}.ca-input-border-B8K9p2{--local-input-border:var(--primary-details);}.ca-input-text-26Gn3B{--local-input-text:var(--primary-paragraphs);}.ca-input-option-label-2M4wGg{--local-input-option-label:var(--primary-paragraphs);}.ca-description-g7ELGB{color:var(--primary-paragraphs);}.ca-button-2Wwl32{--local-button:var(--button-background);}.ca-button-hover-2vXyWN:hover,.ca-button-hover-2vXyWN:active,.ca-button-hover-2vXyWN:focus{--local-button-hover:var(--button-background-hover);}.ca-button-text-gPEzo2{--local-button-text:var(--button-text);}.ca-button-text-hover-ByWYrg:hover,.ca-button-text-hover-ByWYrg:active,.ca-button-text-hover-ByWYrg:focus{--local-button-text-hover:var(--button-text-hover);}.ca-success-message-NQ0j0B{color:var(--primary-headings);}.ca-error-ganVm2{color:var(--primary-details);}.ca-background-2Yvk0B{background-color:var(--primary-background);}.ca-caption-NVM8dB{color:var(--primary-paragraphs);}.ca-input-label-2wXQ9B{--local-input-label:var(--primary-headings);}.ca-checkbox-fill-2na3eg{border-color:var(--primary-paragraphs);}.ca-input-background-gL698B{--local-input-background:var(--primary-background);}.ca-input-border-B9JRGN{--local-input-border:var(--primary-details);}.ca-input-text-N1z58g{--local-input-text:var(--primary-paragraphs);}.ca-input-option-label-gmylRg{--local-input-option-label:var(--primary-paragraphs);}.ca-description-NOWOPN{color:var(--primary-paragraphs);}.ca-button-NzvV6N{--local-button:var(--button-background);}.ca-button-hover-gjej4N:hover,.ca-button-hover-gjej4N:active,.ca-button-hover-gjej4N:focus{--local-button-hover:var(--button-background-hover);}.ca-button-text-BK5Lqg{--local-button-text:var(--button-text);}.ca-button-text-hover-BJ3noN:hover,.ca-button-text-hover-BJ3noN:active,.ca-button-text-hover-BJ3noN:focus{--local-button-text-hover:var(--button-text-hover);}.ca-success-message-NbOwbg{color:var(--primary-headings);}.ca-error-Bpy6EN{color:var(--primary-details);}.ca-background-B9J75N{background-color:var(--primary-background);}.ca-headings-N1zpag{color:var(--primary-headings);}.ca-paragraphs-gmyjwg{color:var(--primary-paragraphs);}.ca-link-NOWLEN{--local-link:var(--button-background);}.ca-link-hover-NzvapN:hover,.ca-link-hover-NzvapN:active,.ca-link-hover-NzvapN:focus{color:var(--button-background-hover);}.ca-input-label-gjemeN{--local-input-label:var(--primary-headings);}.ca-checkbox-fill-BK5YAg{border-color:var(--primary-paragraphs);}.ca-input-background-BJ3ajN{--local-input-background:var(--primary-background);}.ca-input-border-NbOajg{--local-input-border:var(--primary-details);}.ca-input-text-Bpy3eN{--local-input-text:var(--primary-paragraphs);}.ca-input-option-label-N4yVeg{--local-input-option-label:var(--primary-paragraphs);}.ca-description-2qy8o2{color:var(--primary-paragraphs);}.ca-button-gGGP4g{--local-button:var(--button-background);}.ca-button-hover-Ne4w0B:hover,.ca-button-hover-Ne4w0B:active,.ca-button-hover-Ne4w0B:focus{--local-button-hover:var(--button-background-hover);}.ca-button-text-g5OwnB{--local-button-text:var(--button-text);}.ca-button-text-hover-gx9yR2:hover,.ca-button-text-hover-gx9yR2:active,.ca-button-text-hover-gx9yR2:focus{--local-button-text-hover:var(--button-text-hover);}.ca-success-message-NRlm72{color:var(--primary-headings);}.ca-error-BXR3Yg{color:var(--primary-details);}.ca-background-gEpWqN{background-color:var(--primary-background);}.ca-headings-gddVpg{color:var(--primary-headings);}.ca-paragraphs-govlbN{color:var(--primary-paragraphs);}.ca-link-BDG7d2{--local-link:var(--button-background);}.ca-link-hover-2rn6V2:hover,.ca-link-hover-2rn6V2:active,.ca-link-hover-2rn6V2:focus{color:var(--button-background-hover);}.ca-input-label-BZQ6M2{--local-input-label:var(--primary-headings);}.ca-checkbox-fill-BAQ86B{border-color:var(--primary-paragraphs);}.ca-input-background-2kkOq2{--local-input-background:var(--primary-background);}.ca-input-border-N0KkkB{--local-input-border:var(--primary-details);}.ca-input-text-glyz02{--local-input-text:var(--primary-paragraphs);}.ca-input-option-label-g3xYv2{--local-input-option-label:var(--primary-paragraphs);}.ca-description-B8K9l2{color:var(--primary-paragraphs);}.ca-button-26GnbB{--local-button:var(--button-background);}.ca-button-hover-2M4wDg:hover,.ca-button-hover-2M4wDg:active,.ca-button-hover-2M4wDg:focus{--local-button-hover:var(--button-background-hover);}.ca-button-text-g7EL1B{--local-button-text:var(--button-text);}.ca-button-text-hover-2Wwlp2:hover,.ca-button-text-hover-2Wwlp2:active,.ca-button-text-hover-2Wwlp2:focus{--local-button-text-hover:var(--button-text-hover);}.ca-success-message-2vXvkN{color:var(--primary-headings);}.ca-error-gPE902{color:var(--primary-details);}.ca-background-NOWZlN{background-color:var(--primary-background);}.ca-categories-NzvMxN{color:var(--primary-headings);}.ca-title-gjeKZN{color:var(--primary-headings);}.ca-date-BK5Zeg{color:var(--primary-paragraphs);}.ca-category-BJ3ZyN{color:var(--primary-headings);}.ca-pagination-NbOnJg{color:var(--primary-headings);}.ca-button-BpyGqN{--local-button:var(--button-background);}.ca-button-text-N4yZVg{--local-button-text:var(--button-text);}.ca-button-hover-2qyeM2:hover,.ca-button-hover-2qyeM2:active,.ca-button-hover-2qyeM2:focus{--local-button-hover:var(--button-background-hover);}.ca-button-text-hover-gGGZ3g:hover,.ca-button-text-hover-gGGZ3g:active,.ca-button-text-hover-gGGZ3g:focus{--local-button-text-hover:var(--button-text-hover);}.ca-search-results-Ne41XB{color:var(--primary-headings);}.ca-separator-g5OZJB{background-color:var(--primary-details);}.ca-arrow-gx98Z2{color:var(--button-background);}.ca-background-NRl0n2{background-color:var(--primary-background);}.ca-title-BXR74g{color:var(--primary-headings);}.ca-date-gEpZ6N{color:var(--primary-paragraphs);}.ca-category-gdd9mg{color:var(--primary-headings);}.ca-pagination-govq9N{color:var(--primary-headings);}.ca-button-BDGZZ2{--local-button:var(--button-background);}.ca-button-text-2rn5D2{--local-button-text:var(--button-text);}.ca-button-hover-BZQk82:hover,.ca-button-hover-BZQk82:active,.ca-button-hover-BZQk82:focus{--local-button-hover:var(--button-background-hover);}.ca-button-text-hover-BAQZAB:hover,.ca-button-text-hover-BAQZAB:active,.ca-button-text-hover-BAQZAB:focus{--local-button-text-hover:var(--button-text-hover);}.ca-search-results-2kkJ02{color:var(--primary-headings);}.ca-background-N0KZEB{background-color:var(--primary-background);}.ca-title-glybm2{color:var(--primary-headings);}.ca-date-g3xZb2{color:var(--primary-paragraphs);}.ca-category-B8KZb2{color:var(--primary-headings);}.ca-pagination-26G1lB{color:var(--primary-headings);}.ca-button-2M47Rg{--local-button:var(--button-background);}.ca-button-text-g7EmOB{--local-button-text:var(--button-text);}.ca-button-hover-2Wwnw2:hover,.ca-button-hover-2Wwnw2:active,.ca-button-hover-2Wwnw2:focus{--local-button-hover:var(--button-background-hover);}.ca-button-text-hover-2vXD1N:hover,.ca-button-text-hover-2vXD1N:active,.ca-button-text-hover-2vXD1N:focus{--local-button-text-hover:var(--button-text-hover);}.ca-search-results-gPEPj2{color:var(--primary-headings);}.ca-background-2wXDoB{background-color:var(--primary-background);}.ca-background-glVR4B{background-color:var(--primary-background);}.ca-background-g3EKAB{background-color:var(--primary-background);}.ca-background-26G1KB{background-color:var(--primary-background);}.ca-divider-2M47Wg{border-color:var(--primary-details);}.ca-background-g7EmWB{background-color:var(--primary-background);}.ca-divider-2Wwna2{border-color:var(--primary-details);}.ca-background-2vXD3N{background-color:var(--primary-background);}.ca-divider-gPEP32{border-color:var(--primary-details);}.ca-background-BJ3q6N{background-color:var(--primary-background);}.ca-title-NbO4zg{color:var(--primary-headings);}.ca-arrow-BpyroN{color:var(--primary-paragraphs);}.ca-question-N4yoog{color:var(--primary-headings);}.ca-counter-2qyR42{color:var(--primary-headings);}.ca-answer-gGGqRg{color:var(--primary-paragraphs);}.ca-background-Ne4mZB{background-color:var(--primary-background);}.ca-title-g5OoYB{color:var(--primary-headings);}.ca-question-gx96V2{color:var(--primary-headings);}.ca-answer-NRlqO2{color:var(--primary-paragraphs);}.ca-background-BXReVg{background-color:var(--primary-background);}.ca-title-gEpqWN{color:var(--primary-headings);}.ca-question-gddALg{color:var(--primary-headings);}.ca-answer-govxnN{color:var(--primary-paragraphs);}.ca-border-BDGqY2{border-color:var(--primary-details);}.ca-background-BAQqKB{background-color:var(--primary-background);}.ca-title-2kkQz2{color:var(--primary-headings);}.ca-subtitle-N0KaGB{color:var(--primary-headings);}.ca-arrow-glyao2{color:var(--primary-paragraphs);}.ca-background-g3xwy2{background-color:var(--primary-background);}.ca-background-B8Kmd2{background-color:var(--primary-background);}.ca-title-26G9VB{color:var(--primary-headings);}.ca-subtitle-2M4QYg{color:var(--primary-headings);}.ca-arrow-g7E1qB{color:var(--primary-paragraphs);}.ca-background-2WwOY2{background-color:var(--primary-background);}.ca-title-2vXzvN{color:var(--primary-headings);}.ca-subtitle-gPEVz2{color:var(--primary-headings);}.ca-background-ByWJ0g{background-color:var(--primary-background);}.ca-background-NQ0wbB{background-color:var(--primary-background);}.ca-title-ganlY2{color:var(--primary-headings);}.ca-subtitle-2YvjDB{color:var(--primary-headings);}.ca-background-ByWGeg{background-color:var(--primary-background);}.ca-title-NQ0OYB{color:var(--primary-headings);}.ca-subtitle-gan7M2{color:var(--primary-headings);}.ca-arrow-2YvqlB{color:var(--button-background);}.ca-background-NVMb1B{background-color:var(--primary-background);}.ca-title-2wX4jB{color:var(--primary-headings);}.ca-subtitle-2naYRg{color:var(--primary-headings);}.ca-arrow-gL6Q1B{color:var(--button-background);}.ca-divider-B9JKeN{border-color:var(--primary-details);}.ca-background-N1znzg{background-color:var(--primary-background);}.ca-column-hover-gmyaQg:hover,.ca-column-hover-gmyaQg:active,.ca-column-hover-gmyaQg:focus{background-color:var(--accent-background);}.ca-title-NOWVGN{color:var(--primary-headings);}.ca-subtitle-NzvJrN{color:var(--primary-headings);}.ca-arrow-gjePON{color:var(--button-background);}.ca-background-BZQJW2{background-color:var(--primary-background);}.ca-card-BAQ0zB{color:var(--primary-background);}.ca-title-2kkyX2{color:var(--primary-headings);}.ca-subtitle-N0KwmB{color:var(--primary-paragraphs);}.ca-background-glyQ52{background-color:var(--primary-background);}.ca-title-g3x9w2{color:var(--primary-headings);}.ca-subtitle-B8KjD2{color:var(--primary-paragraphs);}.ca-background-26GOOB{background-color:var(--primary-background);}.ca-title-2M4aXg{color:var(--primary-headings);}.ca-subtitle-g7EzAB{color:var(--primary-headings);}.ca-background-N4yLLg{background-color:var(--primary-background);}.ca-title-2qyDb2{color:var(--primary-headings);}.ca-date-gGG0rg{color:var(--primary-paragraphs);}.ca-category-Ne4kxB{color:var(--primary-headings);}.ca-arrow-g5O9lB{color:var(--primary-headings);}.ca-background-gx9D52{background-color:var(--primary-background);}.ca-background-NRlQw2{background-color:var(--primary-background);}.ca-title-BXRL6g{color:var(--primary-headings);}.ca-date-gEp15N{color:var(--primary-paragraphs);}.ca-category-gddYQg{color:var(--primary-headings);}.ca-arrow-govKdN{color:var(--primary-headings);}.ca-background-2Wwxb2{background-color:var(--primary-background);}.ca-title-2vX99N{color:var(--primary-headings);}.ca-subtitle-gPEXn2{color:var(--primary-headings);}.ca-body-ByWjng{color:var(--primary-paragraphs);}.ca-button-NQ0kWB{--local-button:var(--button-background);}.ca-button-text-ganxQ2{--local-button-text:var(--button-text);}.ca-button-hover-2YvxkB:hover,.ca-button-hover-2YvxkB:active,.ca-button-hover-2YvxkB:focus{--local-button-hover:var(--button-background-hover);}.ca-button-text-hover-NVMxLB:hover,.ca-button-text-hover-NVMxLB:active,.ca-button-text-hover-NVMxLB:focus{--local-button-text-hover:var(--button-text-hover);}.ca-button-2wX1AB{--local-button:var(--button-background);}.ca-button-text-2naybg{--local-button-text:var(--button-text);}.ca-button-hover-gL6eDB:hover,.ca-button-hover-gL6eDB:active,.ca-button-hover-gL6eDB:focus{--local-button-hover:var(--button-background-hover);}.ca-button-text-hover-B9JLON:hover,.ca-button-text-hover-B9JLON:active,.ca-button-text-hover-B9JLON:focus{--local-button-text-hover:var(--button-text-hover);}.ca-background-N1zPDg{background-color:var(--primary-background);}.ca-title-gmyPag{color:var(--primary-headings);}.ca-subtitle-NOWeXN{color:var(--primary-headings);}.ca-body-NzvjkN{color:var(--primary-paragraphs);}.ca-button-gje7KN{--local-button:var(--button-background);}.ca-button-text-BK5e6g{--local-button-text:var(--button-text);}.ca-button-hover-BJ3eKN:hover,.ca-button-hover-BJ3eKN:active,.ca-button-hover-BJ3eKN:focus{--local-button-hover:var(--button-background-hover);}.ca-button-text-hover-NbOxvg:hover,.ca-button-text-hover-NbOxvg:active,.ca-button-text-hover-NbOxvg:focus{--local-button-text-hover:var(--button-text-hover);}.ca-background-gov8wN{background-color:var(--primary-background);}.ca-title-logo-BDGyv2{color:var(--primary-headings);}.ca-username-2rn7L2{color:var(--primary-headings);}.ca-username-hover-BZQWy2:hover,.ca-username-hover-BZQWy2:active,.ca-username-hover-BZQWy2:focus{color:var(--primary-headings);}.ca-background-BAQW7B{background-color:var(--primary-background);}.ca-title-logo-2kkKJ2{color:var(--primary-paragraphs);}.ca-username-N0K5YB{color:var(--primary-headings);}.ca-username-hover-gly0O2:hover,.ca-username-hover-gly0O2:active,.ca-username-hover-gly0O2:focus{color:var(--primary-headings);}.ca-background-g3x5d2{background-color:var(--primary-background);}.ca-title-logo-B8K5p2{color:var(--primary-headings);}.ca-username-26G53B{color:var(--primary-headings);}.ca-username-hover-2M41Gg:hover,.ca-username-hover-2M41Gg:active,.ca-username-hover-2M41Gg:focus{color:var(--primary-headings);}.ca-background-g7E5GB{background-color:var(--primary-background);}.ca-background-2Ww632{background-color:var(--primary-background);}.ca-map-icon-2vXjWN{color:var(--primary-headings);}.ca-address-gPEQo2{color:var(--primary-headings);}.ca-background-ByW0rg{background-color:var(--primary-background);}.ca-map-icon-NQ0a0B{color:var(--primary-headings);}.ca-address-gan3m2{color:var(--primary-headings);}.ca-background-gly8G2{background-color:var(--primary-background);}.ca-caption-g3xq82{color:var(--primary-paragraphs);}.ca-lightbox-B8KqQ2{background-color:var(--accent-background);}.ca-lightbox-controls-26GRoB{color:var(--primary-details);}.ca-background-2M4ndg{background-color:var(--primary-background);}.ca-caption-g7EqVB{color:var(--primary-paragraphs);}.ca-lightbox-2WwJb2{background-color:var(--accent-background);}.ca-lightbox-controls-2vXY9N{color:var(--primary-details);}.ca-background-gPE1n2{background-color:var(--primary-background);}.ca-caption-ByWnng{color:var(--primary-paragraphs);}.ca-lightbox-NQ0mWB{background-color:var(--accent-background);}.ca-lightbox-controls-N0KqkB{color:var(--primary-details);}.ca-background-B8KdK2{background-color:var(--primary-background);}.ca-headings-26GdkB{color:var(--primary-headings);}.ca-paragraphs-2M4bjg{color:var(--primary-paragraphs);}.ca-caption-g7EdYB{color:var(--primary-paragraphs);}.ca-link-2WwbG2{--local-link:var(--button-background);}.ca-link-hover-2vXE8N:hover,.ca-link-hover-2vXE8N:active,.ca-link-hover-2vXE8N:focus{color:var(--button-background-hover);}.ca-background-gPEbW2{background-color:var(--primary-background);}.ca-headings-ByWE1g{color:var(--primary-headings);}.ca-paragraphs-NQ0p3B{color:var(--primary-paragraphs);}.ca-caption-ganZ12{color:var(--primary-paragraphs);}.ca-link-2YvZAB{--local-link:var(--button-background);}.ca-link-hover-NVMeyB:hover,.ca-link-hover-NVMeyB:active,.ca-link-hover-NVMeyB:focus{color:var(--button-background-hover);}.ca-background-2wXEGB{background-color:var(--primary-background);}.ca-headings-2naEog{color:var(--primary-headings);}.ca-paragraphs-gL6dzB{color:var(--primary-paragraphs);}.ca-caption-B9JdnN{color:var(--primary-paragraphs);}.ca-link-N1z99g{--local-link:var(--button-background);}.ca-link-hover-gmyEPg:hover,.ca-link-hover-gmyEPg:active,.ca-link-hover-gmyEPg:focus{color:var(--button-background-hover);}.ca-background-NVMlLB{background-color:var(--primary-background);}.ca-headings-2wXYAB{color:var(--primary-headings);}.ca-paragraphs-2na6bg{color:var(--primary-paragraphs);}.ca-link-gL6aDB{--local-link:var(--button-background);}.ca-link-hover-B9JbON:hover,.ca-link-hover-B9JbON:active,.ca-link-hover-B9JbON:focus{color:var(--button-background-hover);}.ca-background-N1zbDg{background-color:var(--primary-background);}.ca-headings-gmykag{color:var(--primary-headings);}.ca-paragraphs-NOWwXN{color:var(--primary-paragraphs);}.ca-link-NzvnkN{--local-link:var(--button-background);}.ca-link-hover-gje0KN:hover,.ca-link-hover-gje0KN:active,.ca-link-hover-gje0KN:focus{color:var(--button-background-hover);}.ca-background-BK5Q6g{background-color:var(--primary-background);}.ca-headings-BJ3yKN{color:var(--primary-headings);}.ca-paragraphs-NbOYvg{color:var(--primary-paragraphs);}.ca-link-Bpy7MN{--local-link:var(--button-background);}.ca-link-hover-N4yb0g:hover,.ca-link-hover-N4yb0g:active,.ca-link-hover-N4yb0g:focus{color:var(--button-background-hover);}.ca-background-2vXYkN{background-color:var(--primary-background);}.ca-lightbox-gPE102{background-color:var(--accent-background);}.ca-lightbox-controls-ByWn4g{color:var(--primary-details);}.ca-background-NQ0mZB{background-color:var(--primary-background);}.ca-lightbox-ganJb2{background-color:var(--accent-background);}.ca-lightbox-controls-2YvJ3B{color:var(--primary-details);}.ca-background-NVMJrB{background-color:var(--primary-background);}.ca-lightbox-2wXVaB{background-color:var(--accent-background);}.ca-lightbox-controls-2nak9g{color:var(--primary-details);}.ca-background-gL6wqB{background-color:var(--primary-background);}.ca-lightbox-B9Jq5N{background-color:var(--accent-background);}.ca-lightbox-controls-N1zqag{color:var(--primary-details);}.ca-background-gly802{background-color:var(--primary-background);}.ca-slider-controls-g3xqv2{color:var(--accent-paragraphs);}.ca-slider-counter-B8Kql2{color:var(--accent-headings);}.ca-slider-background-26GRbB{background-color:var(--accent-background);}.ca-background-2M4nDg{background-color:var(--primary-background);}.ca-slider-controls-g7Eq1B{color:var(--primary-paragraphs);}.ca-slider-counter-2WwJp2{color:var(--primary-headings);}.ca-background-BXRQ7g{background-color:var(--primary-background);}.ca-caption-gEpERN{color:var(--primary-paragraphs);}.ca-headings-gddbYg{color:var(--primary-headings);}.ca-paragraphs-govbON{color:var(--primary-paragraphs);}.ca-link-2Yv36B{--local-link:var(--button-background);}.ca-link-hover-NVMEJB:hover,.ca-link-hover-NVMEJB:active,.ca-link-hover-NVMEJB:focus{color:var(--button-background-hover);}.ca-background-BDGR02{background-color:var(--primary-background);}.ca-caption-2rnxz2{color:var(--primary-paragraphs);}.ca-headings-BZQY32{color:var(--primary-headings);}.ca-paragraphs-BAQRrB{color:var(--primary-paragraphs);}.ca-link-2wX5oB{--local-link:var(--button-background);}.ca-link-hover-2naj0g:hover,.ca-link-hover-2naj0g:active,.ca-link-hover-2naj0g:focus{color:var(--button-background-hover);}.ca-background-2kkbA2{background-color:var(--primary-background);}.ca-caption-N0KL7B{color:var(--primary-paragraphs);}.ca-headings-glyEj2{color:var(--primary-headings);}.ca-paragraphs-g3xoK2{color:var(--primary-paragraphs);}.ca-link-gL6b9B{--local-link:var(--button-background);}.ca-link-hover-B9JWVN:hover,.ca-link-hover-B9JWVN:active,.ca-link-hover-B9JWVN:focus{color:var(--button-background-hover);}.ca-background-BpyaMN{background-color:var(--primary-background);}.ca-package-name-N4ya0g{color:var(--primary-headings);}.ca-title-2qyYJ2{color:var(--primary-headings);}.ca-price-gGGe6g{color:var(--primary-headings);}.ca-description-Ne4lGB{color:var(--primary-paragraphs);}.ca-background-g5ObpB{background-color:var(--primary-background);}.ca-package-name-gx9VP2{color:var(--primary-headings);}.ca-title-NRl9P2{color:var(--primary-headings);}.ca-description-BXR8Rg{color:var(--primary-paragraphs);}.ca-price-gEpM7N{color:var(--primary-headings);}.ca-background-gddwRg{background-color:var(--primary-background);}.ca-package-name-govMPN{color:var(--primary-headings);}.ca-title-BDG612{color:var(--primary-headings);}.ca-description-2rnvZ2{color:var(--primary-paragraphs);}.ca-price-BZQMp2{color:var(--primary-headings);}.ca-slider-controls-BAQkJB{color:var(--primary-headings);}.ca-background-2rnm32{background-color:var(--primary-background);}.ca-quote-BZQ4D2{color:var(--primary-headings);}.ca-source-BAQoqB{color:var(--primary-headings);}.ca-quote-mark-2kkdn2{color:var(--primary-details);}.ca-background-N0KGwB{background-color:var(--primary-background);}.ca-quote-glyA42{color:var(--primary-headings);}.ca-source-g3xGA2{color:var(--primary-headings);}.ca-background-B8KoZ2{background-color:var(--primary-background);}.ca-quote-26Go1B{color:var(--primary-headings);}.ca-source-2M4qpg{color:var(--primary-headings);}.ca-background-B8KXb2{background-color:var(--primary-background);}.ca-title-26GAlB{color:var(--primary-headings);}.ca-date-2M49Rg{color:var(--primary-paragraphs);}.ca-category-g7EAOB{color:var(--primary-headings);}.ca-background-2Ww4w2{background-color:var(--primary-background);}.ca-title-2vXJ1N{color:var(--primary-headings);}.ca-date-gPEOj2{color:var(--primary-paragraphs);}.ca-category-ByW4bg{color:var(--primary-headings);}.ca-background-NQ0zEB{background-color:var(--primary-background);}.ca-title-gan6d2{color:var(--primary-headings);}.ca-date-2YvGpB{color:var(--primary-paragraphs);}.ca-category-NVMpAB{color:var(--primary-headings);}.ca-background-2qyWJ2{background-color:var(--primary-background);}.ca-caption-gGGW6g{color:var(--primary-paragraphs);}.ca-lightbox-Ne4nGB{background-color:var(--accent-background);}.ca-lightbox-controls-g5OqpB{color:var(--primary-details);}.ca-background-gx9wP2{background-color:var(--primary-background);}.ca-caption-NRlOP2{color:var(--primary-paragraphs);}.ca-lightbox-BXRJRg{background-color:var(--accent-background);}.ca-lightbox-controls-gEpv7N{color:var(--primary-details);}.ca-background-gddJRg{background-color:var(--primary-background);}.ca-caption-gov7PN{color:var(--primary-paragraphs);}.ca-lightbox-BDGk12{background-color:var(--accent-background);}.ca-lightbox-controls-2rnPZ2{color:var(--primary-details);}.ca-background-BZQ5p2{background-color:var(--primary-background);}.ca-caption-BAQ6JB{color:var(--primary-paragraphs);}.ca-lightbox-2kk372{background-color:var(--accent-background);}.ca-lightbox-controls-N0KqoB{color:var(--primary-details);}.ca-background-BDGd02{background-color:var(--primary-background);}.ca-headings-2rnEz2{color:var(--primary-headings);}.ca-paragraphs-BZQZ32{color:var(--primary-paragraphs);}.ca-caption-BAQdrB{color:var(--primary-paragraphs);}.ca-link-2kkEA2{--local-link:var(--button-background);}.ca-link-hover-N0Kv7B:hover,.ca-link-hover-N0Kv7B:active,.ca-link-hover-N0Kv7B:focus{color:var(--button-background-hover);}.ca-background-glyvj2{background-color:var(--primary-background);}.ca-headings-g3xQK2{color:var(--primary-headings);}.ca-paragraphs-B8KnK2{color:var(--primary-paragraphs);}.ca-caption-26GVkB{color:var(--primary-paragraphs);}.ca-link-2M4ejg{--local-link:var(--button-background);}.ca-link-hover-g7EwYB:hover,.ca-link-hover-g7EwYB:active,.ca-link-hover-g7EwYB:focus{color:var(--button-background-hover);}.ca-background-2WwxG2{background-color:var(--primary-background);}.ca-headings-2vX98N{color:var(--primary-headings);}.ca-paragraphs-gPEXW2{color:var(--primary-paragraphs);}.ca-caption-ByWj1g{color:var(--primary-paragraphs);}.ca-link-NQ0k3B{--local-link:var(--button-background);}.ca-link-hover-N0KvoB:hover,.ca-link-hover-N0KvoB:active,.ca-link-hover-N0KvoB:focus{color:var(--button-background-hover);}.ca-background-glyvG2{background-color:var(--primary-background);}.ca-headings-g3xQ82{color:var(--primary-headings);}.ca-paragraphs-B8KnQ2{color:var(--primary-paragraphs);}.ca-caption-26GVoB{color:var(--primary-paragraphs);}.ca-link-2M4edg{--local-link:var(--button-background);}.ca-link-hover-g7EwVB:hover,.ca-link-hover-g7EwVB:active,.ca-link-hover-g7EwVB:focus{color:var(--button-background-hover);}.ca-background-NOWbwN{background-color:var(--primary-background);}.ca-headings-NzvELN{color:var(--primary-headings);}.ca-paragraphs-gjeZqN{color:var(--primary-paragraphs);}.ca-caption-BK5bYg{color:var(--primary-paragraphs);}.ca-link-BJ3bnN{--local-link:var(--button-background);}.ca-link-hover-NbOZ8g:hover,.ca-link-hover-NbOZ8g:active,.ca-link-hover-NbOZ8g:focus{color:var(--button-background-hover);}.ca-background-BpyEAN{background-color:var(--primary-background);}.ca-headings-N4ydKg{color:var(--primary-headings);}.ca-paragraphs-2qyE52{color:var(--primary-paragraphs);}.ca-caption-gGGbMg{color:var(--primary-paragraphs);}.ca-link-Ne4ZyB{--local-link:var(--button-background);}.ca-link-hover-g5OdkB:hover,.ca-link-hover-g5OdkB:active,.ca-link-hover-g5OdkB:focus{color:var(--button-background-hover);}.ca-background-gx9EW2{background-color:var(--primary-background);}.ca-headings-NRl4j2{color:var(--primary-headings);}.ca-paragraphs-BXRZ7g{color:var(--primary-paragraphs);}.ca-caption-gEpbRN{color:var(--primary-paragraphs);}.ca-link-gddZYg{--local-link:var(--button-background);}.ca-link-hover-govEON:hover,.ca-link-hover-govEON:active,.ca-link-hover-govEON:focus{color:var(--button-background-hover);}.ca-background-2kkl72{background-color:var(--primary-background);}.ca-headings-N0KboB{color:var(--primary-headings);}.ca-paragraphs-gly3G2{color:var(--primary-paragraphs);}.ca-link-g3xR82{--local-link:var(--button-background);}.ca-link-hover-B8KkQ2:hover,.ca-link-hover-B8KkQ2:active,.ca-link-hover-B8KkQ2:focus{color:var(--button-background-hover);}.ca-background-26GpoB{background-color:var(--primary-background);}.ca-headings-2M4Ydg{color:var(--primary-headings);}.ca-paragraphs-g7EeVB{color:var(--primary-paragraphs);}.ca-link-2Wwkb2{--local-link:var(--button-background);}.ca-link-hover-2vXa9N:hover,.ca-link-hover-2vXa9N:active,.ca-link-hover-2vXa9N:focus{color:var(--button-background-hover);}.ca-background-gPEnn2{background-color:var(--primary-background);}.ca-headings-ByWwng{color:var(--primary-headings);}.ca-paragraphs-NQ0LWB{color:var(--primary-paragraphs);}.ca-link-ganaQ2{--local-link:var(--button-background);}.ca-link-hover-2Yv6kB:hover,.ca-link-hover-2Yv6kB:active,.ca-link-hover-2Yv6kB:focus{color:var(--button-background-hover);}.ca-background-NbOmzg{background-color:var(--primary-background);}.ca-title-Bpy4oN{color:var(--primary-headings);}.ca-subtitle-N4yvog{color:var(--primary-headings);}.ca-button-2qy442{--local-button:var(--button-background);}.ca-button-hover-gGGzRg:hover,.ca-button-hover-gGGzRg:active,.ca-button-hover-gGGzRg:focus{--local-button-hover:var(--button-background-hover);}.ca-button-text-Ne4zZB{--local-button-text:var(--button-text);}.ca-button-text-hover-g5OPYB:hover,.ca-button-text-hover-g5OPYB:active,.ca-button-text-hover-g5OPYB:focus{--local-button-text-hover:var(--button-text-hover);}.ca-slider-controls-gx9rV2{color:var(--primary-paragraphs);}.ca-counter-NRl6O2{color:var(--primary-paragraphs);}.ca-button-BXRyVg{--local-button:var(--button-background);}.ca-button-hover-gEpxWN:hover,.ca-button-hover-gEpxWN:active,.ca-button-hover-gEpxWN:focus{--local-button-hover:var(--button-background-hover);}.ca-button-text-gddpLg{--local-button-text:var(--button-text);}.ca-button-text-hover-govRnN:hover,.ca-button-text-hover-govRnN:active,.ca-button-text-hover-govRnN:focus{--local-button-text-hover:var(--button-text-hover);}.ca-title-BDGzY2{color:var(--primary-headings);}.ca-subtitle-2rn432{color:var(--primary-headings);}.ca-background-BZQaD2{background-color:var(--primary-background);}.ca-button-hover-BAQDqB:hover,.ca-button-hover-BAQDqB:active,.ca-button-hover-BAQDqB:focus{--local-button-hover:var(--button-background-hover);}.ca-button-2kk9n2{--local-button:var(--button-background);}.ca-button-hover-N0K6wB:hover,.ca-button-hover-N0K6wB:active,.ca-button-hover-N0K6wB:focus{--local-button-hover:var(--button-background-hover);}.ca-button-text-glyo42{--local-button-text:var(--button-text);}.ca-button-text-hover-g3xWA2:hover,.ca-button-text-hover-g3xWA2:active,.ca-button-text-hover-g3xWA2:focus{--local-button-text-hover:var(--button-text-hover);}.ca-slider-controls-B8KaZ2{color:var(--primary-headings);}.ca-counter-26Gy1B{color:var(--primary-headings);}.ca-background-gEp6eN{background-color:var(--primary-background);}.ca-neutral-icons-gdd8wg{color:var(--primary-paragraphs);}.ca-accent-icons-govV7N{color:var(--button-background);}.ca-neutral-background-BDG8L2{background-color:var(--primary-details);}.ca-accent-background-2rnL62{background-color:var(--accent-details);}.ca-background-ByWDbg{background-color:var(--primary-background);}.ca-label-NQ0yEB{color:var(--primary-headings);}.ca-background-N0KYOB{background-color:var(--primary-background);}.ca-label-glyDe2{color:var(--primary-headings);}.ca-background-g3xkV2{background-color:var(--primary-background);}.ca-label-B8KOy2{color:var(--primary-headings);}.ca-background-N4y5ag{background-color:var(--primary-background);}.ca-background-2qyMW2{background-color:var(--primary-background);}.ca-title-gGGkyg{color:var(--primary-headings);}.ca-source-Ne49qB{color:var(--primary-headings);}.ca-quote-g5O5wB{color:var(--primary-headings);}.ca-slider-controls-gx9aa2{color:var(--primary-paragraphs);}.ca-background-NRlKY2{background-color:var(--primary-background);}.ca-title-BXRMXg{color:var(--primary-headings);}.ca-source-gEpQYN{color:var(--primary-headings);}.ca-quote-gddLDg{color:var(--primary-headings);}.ca-background-2WwzM2{background-color:var(--primary-background);}.ca-social-icons-2vXkDN{color:var(--button-background);}.ca-social-icons-hover-gPEwG2:hover,.ca-social-icons-hover-gPEwG2:active,.ca-social-icons-hover-gPEwG2:focus{color:var(--button-background-hover);}.ca-footer-text-ByWKeg{color:var(--primary-paragraphs);}.ca-arrow-NQ0nYB{color:var(--button-background);}.ca-arrow-hover-gan0M2:hover,.ca-arrow-hover-gan0M2:active,.ca-arrow-hover-gan0M2:focus{color:var(--button-background-hover);}.ca-pixieset-logo-2YvKlB{stroke:var(--button-background);}.ca-pixieset-logo-hover-NVMO1B:hover,.ca-pixieset-logo-hover-NVMO1B:active,.ca-pixieset-logo-hover-NVMO1B:focus{stroke:var(--button-background-hover);}.ca-pixieset-logo-fill-2wXzjB{fill:var(--button-background);}.ca-pixieset-logo-fill-hover-2naGRg:hover,.ca-pixieset-logo-fill-hover-2naGRg:active,.ca-pixieset-logo-fill-hover-2naGRg:focus{fill:var(--button-background-hover);}.ca-background-gL6X1B{background-color:var(--primary-background);}.ca-navigation-links-B9JXeN{color:var(--primary-headings);}.ca-navigation-links-hover-N1zozg:hover,.ca-navigation-links-hover-N1zozg:active,.ca-navigation-links-hover-N1zozg:focus{color:var(--primary-headings);}.ca-dropdown-gmyqQg{background-color:var(--accent-background);}.ca-dropdown-links-NOWXGN{color:var(--accent-headings);}.ca-dropdown-links-hover-NzvPrN:hover,.ca-dropdown-links-hover-NzvPrN:active,.ca-dropdown-links-hover-NzvPrN:focus{color:var(--accent-headings);}.ca-footer-text-gjebON{color:var(--primary-paragraphs);}.ca-social-icons-BK5Xpg{color:var(--button-background);}.ca-social-icons-hover-BJ3XlN:hover,.ca-social-icons-hover-BJ3XlN:active,.ca-social-icons-hover-BJ3XlN:focus{color:var(--button-background-hover);}.ca-arrow-NbO90g{color:var(--button-background);}.ca-arrow-hover-Bpy5XN:hover,.ca-arrow-hover-Bpy5XN:active,.ca-arrow-hover-Bpy5XN:focus{color:var(--button-background-hover);}.ca-pixieset-logo-N4yXGg{stroke:var(--button-background);}.ca-pixieset-logo-hover-2qy0p2:hover,.ca-pixieset-logo-hover-2qy0p2:active,.ca-pixieset-logo-hover-2qy0p2:focus{stroke:var(--button-background-hover);}.ca-pixieset-logo-fill-gGGXxg{fill:var(--button-background);}.ca-pixieset-logo-fill-hover-Ne4OoB:hover,.ca-pixieset-logo-fill-hover-Ne4OoB:active,.ca-pixieset-logo-fill-hover-Ne4OoB:focus{fill:var(--button-background-hover);}.ca-background-g5OXoB{background-color:var(--primary-background);}.ca-card-gx9Wr2{background-color:var(--accent-background);}.ca-ig-details-NRl3M2{color:var(--primary-headings);}.ca-navigation-links-BXRvZg{color:var(--primary-headings);}.ca-navigation-links-hover-gEpXeN:hover,.ca-navigation-links-hover-gEpXeN:active,.ca-navigation-links-hover-gEpXeN:focus{color:var(--primary-headings);}.ca-dropdown-gddmwg{background-color:var(--accent-background);}.ca-dropdown-links-gove7N{color:var(--accent-headings);}.ca-dropdown-links-hover-BDGXL2:hover,.ca-dropdown-links-hover-BDGXL2:active,.ca-dropdown-links-hover-BDGXL2:focus{color:var(--accent-headings);}.ca-footer-text-2rnl62{color:var(--primary-paragraphs);}.ca-social-icons-BZQyW2{color:var(--button-background);}.ca-social-icons-hover-BAQXzB:hover,.ca-social-icons-hover-BAQXzB:active,.ca-social-icons-hover-BAQXzB:focus{color:var(--button-background-hover);}.ca-arrow-2kkpX2{color:var(--button-background);}.ca-arrow-hover-N0KdmB:hover,.ca-arrow-hover-N0KdmB:active,.ca-arrow-hover-N0KdmB:focus{color:var(--button-background-hover);}.ca-pixieset-logo-gly452{stroke:var(--button-background);}.ca-pixieset-logo-hover-g3xXw2:hover,.ca-pixieset-logo-hover-g3xXw2:active,.ca-pixieset-logo-hover-g3xXw2:focus{stroke:var(--button-background-hover);}.ca-pixieset-logo-fill-B8KXD2{fill:var(--button-background);}.ca-pixieset-logo-fill-hover-26GXOB:hover,.ca-pixieset-logo-fill-hover-26GXOB:active,.ca-pixieset-logo-fill-hover-26GXOB:focus{fill:var(--button-background-hover);}.ca-background-2Yvm0B{background-color:var(--primary-background);}.ca-card-NVMLdB{background-color:var(--accent-background);}.ca-site-title-2wXK9B{color:var(--primary-headings);}.ca-slide-title-2naweg{color:var(--primary-headings);}.ca-slide-subtitle-gL6W8B{color:var(--primary-headings);}.ca-slide-counter-B9JVGN{color:var(--primary-paragraphs);}.ca-separator-N1z78g{color:var(--primary-paragraphs);}.ca-slider-controls-gmyVRg{color:var(--primary-paragraphs);}.ca-slider-controls-hover-NOWyPN:hover,.ca-slider-controls-hover-NOWyPN:active,.ca-slider-controls-hover-NOWyPN:focus{color:var(--primary-paragraphs);}.ca-navigation-link-Nzvl6N{color:var(--primary-headings);}.ca-navigation-link-hover-gjeQ4N:hover,.ca-navigation-link-hover-gjeQ4N:active,.ca-navigation-link-hover-gjeQ4N:focus{color:var(--primary-headings);}.ca-primary-icon-BK57qg{background-color:var(--button-background);}.ca-dropdown-BJ3MoN{background-color:var(--accent-background);}.ca-submenu-icon-NbO8bg{background-color:var(--primary-headings);}.ca-dropdown-link-BpyLEN{color:var(--accent-headings);}.ca-dropdown-link-hover-N4yPag:hover,.ca-dropdown-link-hover-N4yPag:active,.ca-dropdown-link-hover-N4yPag:focus{color:var(--accent-headings);}.ca-overlay-menu-2qy9W2{background-color:var(--primary-background);}.ca-overlay-link-gGG3yg{color:var(--primary-headings);}.ca-overlay-link-hover-Ne47qB:hover,.ca-overlay-link-hover-Ne47qB:active,.ca-overlay-link-hover-Ne47qB:focus{color:var(--primary-headings);}.ca-overlay-sub-link-g5OywB{color:var(--primary-headings);}.ca-overlay-sub-link-hover-gx9ka2:hover,.ca-overlay-sub-link-hover-gx9ka2:active,.ca-overlay-sub-link-hover-gx9ka2:focus{color:var(--primary-headings);}.ca-overlay-icon-NRlYY2{color:var(--primary-headings);}.ca-sticky-header-BXR1Xg{background-color:var(--primary-background);}.ca-button-gEp0YN{--local-button:var(--button-background);}.ca-button-hover-gddMDg:hover,.ca-button-hover-gddMDg:active,.ca-button-hover-gddMDg:focus{--local-button-hover:var(--button-background-hover);}.ca-button-text-govnwN{--local-button-text:var(--button-text);}.ca-button-text-hover-BDGJv2:hover,.ca-button-text-hover-BDGJv2:active,.ca-button-text-hover-BDGJv2:focus{--local-button-text-hover:var(--button-text-hover);}.ca-close-icon-2rn1L2{color:var(--button-background);}.ca-slide-subtitle--c-BZQOy2{color:var(--accent-headings);}.ca-
[...]
<div class="block-container__block">
<div class="max-page-width">
<div class="multiple-text__row row">
<div class="multiple-text__text-container col-12 col-md-3">
<div class="element-container clearfix element-text" id="element-container-3Rrjeq">
<div class="element-container__element">
<div class="text__text text--single-line">
<p class="ql-paragraph-2 ca-paragraphs-NbOYvg animatable animatable--fade-on-scaleDown animatable--fade-on-scaleUp animatable--fade-on-revealRight" style="--initial-opacity: 1; --initial-scale: 1; --initial-translateX: 0%; --initial-translateY: 0%;">01.</p><p class="ql-paragraph-2 animatable animatable--fade-on-scaleDown animatable--fade-on-scaleUp animatable--fade-on-revealRight" style="--initial-opacity: 1; --initial-scale: 1; --initial-translateX: 0%; --initial-translateY: 0%;"><br></p><h4 class="ca-headings-BJ3yKN animatable" style="--initial-opacity: 1; --initial-scale: 1; --initial-translateX: 0%; --initial-translateY: 0%;">Fact 1</h4><p class="ql-paragraph-2 animatable animatable--fade-on-scaleDown animatable--fade-on-scaleUp animatable--fade-on-revealRight" style="--initial-opacity: 1; --initial-scale: 1; --initial-translateX: 0%; --initial-translateY: 0%;"><br></p><p class="ql-paragraph-1 ca-paragraphs-NbOYvg animatable animatable--fade-on-scaleDown animatable--fade-on-scaleUp animatable--fade-on-revealRight" style="--initial-opacity: 1; --initial-scale: 1; --initial-translateX: 0%; --initial-translateY: 0%;">I was raised in Virginia. I'm always looking for new trails to mountain bike or hike along the East Coast.</p>
</div>
</div>
</div>
</div>
<div class="multiple-text__text-container col-12 col-md-3">
<div class="element-container clearfix element-text" id="element-container-8kD0RM">
<div class="element-container__element">
<div class="text__text text--single-line">
<p class="ca-paragraphs-NbOYvg ql-paragraph-2 animatable animatable--fade-on-scaleDown animatable--fade-on-scaleUp animatable--fade-on-revealRight" style="--initial-opacity: 1; --initial-scale: 1; --initial-translateX: 0%; --initial-translateY: 0%;">02.</p><p class="ql-paragraph-2 animatable animatable--fade-on-scaleDown animatable--fade-on-scaleUp animatable--fade-on-revealRight" style="--initial-opacity: 1; --initial-scale: 1; --initial-translateX: 0%; --initial-translateY: 0%;"><br></p><h4 class="ca-headings-BJ3yKN animatable" style="--initial-opacity: 1; --initial-scale: 1; --initial-translateX: 0%; --initial-translateY: 0%;">Fact 2</h4><p class="ql-paragraph-2 animatable animatable--fade-on-scaleDown animatable--fade-on-scaleUp animatable--fade-on-revealRight" style="--initial-opacity: 1; --initial-scale: 1; --initial-translateX: 0%; --initial-translateY: 0%;"><br></p><p class="ca-paragraphs-NbOYvg ql-paragraph-1 animatable animatable--fade-on-scaleDown animatable--fade-on-scaleUp animatable--fade-on-revealRight" style="--initial-opacity: 1; --initial-scale: 1; --initial-translateX: 0%; --initial-translateY: 0%;">I'm usually found with a camera in my hand, always looking to capture the beauty I see around me.</p>
</div>
</div>
</div>
</div>
<div class="multiple-text__text-container col-12 col-md-3">
<div class="element-container clearfix element-text" id="element-container-6pDben">
<div class="element-container__element">
<div class="text__text text--single-line">
<p class="ca-paragraphs-NbOYvg ql-paragraph-2 animatable animatable--fade-on-scaleDown animatable--fade-on-scaleUp animatable--fade-on-revealRight" style="--initial-opacity: 1; --initial-scale: 1; --initial-translateX: 0%; --initial-translateY: 0%;">03.</p><p class="ql-paragraph-2 animatable animatable--fade-on-scaleDown animatable--fade-on-scaleUp animatable--fade-on-revealRight" style="--initial-opacity: 1; --initial-scale: 1; --initial-translateX: 0%; --initial-translateY: 0%;"><br></p><h4 class="ca-headings-BJ3yKN animatable" style="--initial-opacity: 1; --initial-scale: 1; --initial-translateX: 0%; --initial-translateY: 0%;">Fact 3</h4><p class="ql-paragraph-2 animatable animatable--fade-on-scaleDown animatable--fade-on-scaleUp animatable--fade-on-revealRight" style="--initial-opacity: 1; --initial-scale: 1; --initial-translateX: 0%; --initial-translateY: 0%;"><br></p><p class="ca-paragraphs-NbOYvg ql-paragraph-1 animatable animatable--fade-on-scaleDown animatable--fade-on-scaleUp animatable--fade-on-revealRight" style="--initial-opacity: 1; --initial-scale: 1; --initial-translateX: 0%; --initial-translateY: 0%;">I enjoy the simpler things in life - playing guitar, picnics, morning walks, listening to podcasts, and watching sunsets.</p>
</div>
</div>
</div>
</div>
<div class="multiple-text__text-container col-12 col-md-3">
<div class="element-container clearfix element-text" id="element-container-MYLO61">
<div class="element-container__element">
<div class="text__text text--single-line">
<p class="ca-paragraphs-NbOYvg ql-paragraph-2 animatable animatable--fade-on-scaleDown animatable--fade-on-scaleUp animatable--fade-on-revealRight" style="--initial-opacity: 1; --initial-scale: 1; --initial-translateX: 0%; --initial-translateY: 0%;">04.</p><p class="ql-paragraph-2 animatable animatable--fade-on-scaleDown animatable--fade-on-scaleUp animatable--fade-on-revealRight" style="--initial-opacity: 1; --initial-scale: 1; --initial-translateX: 0%; --initial-translateY: 0%;"><br></p><h4 class="ca-headings-BJ3yKN animatable" style="--initial-opacity: 1; --initial-scale: 1; --initial-translateX: 0%; --initial-translateY: 0%;">Fact 4</h4><p class="ql-paragraph-2 animatable animatable--fade-on-scaleDown animatable--fade-on-scaleUp animatable--fade-on-revealRight" style="--initial-opacity: 1; --initial-scale: 1; --initial-translateX: 0%; --initial-translateY: 0%;"><br></p><p class="ca-paragraphs-NbOYvg ql-paragraph-1 animatable animatable--fade-on-scaleDown animatable--fade-on-scaleUp animatable--fade-on-revealRight" style="--initial-opacity: 1; --initial-scale: 1; --initial-translateX: 0%; --initial-translateY: 0%;">I love to travel. It's amazing to meet new people, experience different cuisine, and capture breathtaking landscapes.</p>
</div>
</div>
</div>
</div>
</div>
</div>
</div>
</div>
<div class="block-container block-divider page-block ca-background-26G1KB" id="block-container-lJGzL3" style="padding-bottom: calc(0 * var(--scaled-block-padding)); --primary-background:#F6F8F9;--primary-headings:#000000;--primary-paragraphs:#4C4C4C;--primary-details:#D8DADB;--accent-background:#EAEFF2;--accent-headings:#000000;--accent-paragraphs:#4C4C4C;--accent-details:#CCD1D4;--button-background:#454B57;--button-text:#FFFFFF;--button-background-hover:#000000;--button-text-hover:#FFFFFF; --block-prop-padding-bottom: 0;">
<div class="block-container__block">
<div class="max-page-width">
<div class="element-container clearfix element-divider" id="element-container-8kDE7b">
<div class="element-container__element">
<div class="row divider__column justify-content-center">
<div class="divider__container col-12">
<hr class="divider ca-divider-2M47Wg animatable animatable--disable-blur" style="--initial-opacity: 1; --initial-scale: 1; --initial-translateX: 0%; --initial-translateY: 0%;"> </div>
</div>
</div>
</div>
</div>
</div>
</div>
<div class="block-container block-feature-links-text page-block ca-background-N1znzg" id="block-container-79y6dq" style="padding-top: calc(0.5 * var(--scaled-block-padding)); padding-bottom: calc(0.5 * var(--scaled-block-padding)); --primary-background:#F6F8F9;--primary-headings:#000000;--primary-paragraphs:#4C4C4C;--primary-details:#D8DADB;--accent-background:#EAEFF2;--accent-headings:#000000;--accent-paragraphs:#4C4C4C;--accent-details:#CCD1D4;--button-background:#454B57;--button-text:#FFFFFF;--button-background-hover:#000000;--button-text-hover:#FFFFFF; --block-prop-padding-top: 0.5; --block-prop-padding-bottom: 0.5;">
<div class="block-container__block">
<div class="element-container clearfix element-feature-links-text-wrapper" id="element-container-Y6WKk0">
<div class="element-container__element">
<div class="feature-links-text__container-wrapper">
<div class="feature-links-text__container feature-links-text__container--style_3 items-3">
<div class="feature-links-text__column-wrapper">
<div class="feature-links-text__column ca-column-hover-gmyaQg">
<div class="feature-links-text__item">
<div class="element-container clearfix element-feature-links-text" id="element-container-Vl6O8d">
<div class="element-container__element">
<a class="feature-links-text__link" href="/pricing/">
<div class="feature-links-text__content-wrapper animatable" style="--initial-opacity: 1; --initial-scale: 1; --initial-translateX: 0%; --initial-translateY: 0%;">
<h4 class="feature-links-text__title ca-title-NOWVGN animatable" style="--initial-opacity: 1; --initial-scale: 1; --initial-translateX: 0%; --initial-translateY: 0%;">Pricing</h4>
<h6 class="feature-links-text__subtitle ca-subtitle-NzvJrN animatable" style="--initial-opacity: 1; --initial-scale: 1; --initial-translateX: 0%; --initial-translateY: 0%;">Learning about</h6>
<i class="feature-links-text__arrow px-arrow px-icon-arrow-right ca-arrow-gjePON"></i>
</div>
</a>
</div>
</div>
</div>
</div>
<div class="feature-links-text__column ca-column-hover-gmyaQg">
<div class="feature-links-text__item">
<div class="element-container clearfix element-feature-links-text" id="element-container-wY3zQ9">
<div class="element-container__element">
<a class="feature-links-text__link" href="/experience/">
<div class="feature-links-text__content-wrapper animatable" style="--initial-opacity: 1; --initial-scale: 1; --initial-translateX: 0%; --initial-translateY: 0%;">
<h4 class="feature-links-text__title ca-title-NOWVGN animatable" style="--initial-opacity: 1; --initial-scale: 1; --initial-translateX: 0%; --initial-translateY: 0%;">About Me</h4>
<h6 class="feature-links-text__subtitle ca-subtitle-NzvJrN animatable" style="--initial-opacity: 1; --initial-scale: 1; --initial-translateX: 0%; --initial-translateY: 0%;">Find out more</h6>
<i class="feature-links-text__arrow px-arrow px-icon-arrow-right ca-arrow-gjePON"></i>
</div>
</a>
</div>
</div>
</div>
</div>
<div class="feature-links-text__column ca-column-hover-gmyaQg">
<div class="feature-links-text__item">
<div class="element-container clearfix element-feature-links-text" id="element-container-n64Y3e">
<div class="element-container__element">
<a class="feature-links-text__link" href="/portfolio/">
<div class="feature-links-text__content-wrapper animatable" style="--initial-opacity: 1; --initial-scale: 1; --initial-translateX: 0%; --initial-translateY: 0%;">
<h4 class="feature-links-text__title ca-title-NOWVGN animatable" style="--initial-opacity: 1; --initial-scale: 1; --initial-translateX: 0%; --initial-translateY: 0%;">Portfolio</h4>
<h6 class="feature-links-text__subtitle ca-subtitle-NzvJrN animatable" style="--initial-opacity: 1; --initial-scale: 1; --initial-translateX: 0%; --initial-translateY: 0%;">Check out my</h6>
<i class="feature-links-text__arrow px-arrow px-icon-arrow-right ca-arrow-gjePON"></i>
</div>
</a>
</div>
</div>
</div>
</div>
</div>
</div>
</div>
</div>
</div>
</div>
</div>
<div class="block-container block-divider page-block ca-background-26G1KB" id="block-container-X5ao3Y" style="padding-top: calc(0 * var(--scaled-block-padding));  --block-prop-padding-top: 0;">
<div class="block-container__block">
<div class="max-page-width">
<div class="element-container clearfix element-divider" id="element-container-MYa6QR">
<div class="element-container__element">
<div class="row divider__column justify-content-center">
<div class="divider__container col-12">
<hr class="divider ca-divider-2M47Wg animatable animatable--disable-blur" style="--initial-opacity: 1; --initial-scale: 1; --initial-translateX: 0%; --initial-translateY: 0%;"> </div>
</div>
</div>
</div>
</div>
</div>
</div>
<div class="block-container block-call-to-action-banner page-block block-container--flushed-top-on-first-rank ca-background-g7EorB" id="block-container-4k04zx">
<div class="block-container__block">
<div class="element-container clearfix element-call-to-action-banner" id="element-container-QkzL0Z">
<div class="element-container__element">
<div class="banner__container banner--a banner--md">
<div class="banner__photo banner__media">
<div class="photo-cover absolute-fill">
<img style="object-position: 50% 50%;" src="//images-pw.pixieset.com/elementfield/929343813/AMAMI_2023_FINAL.00_16_31_14.Still003-afddb3b9.jpg" srcset="//images-pw.pixieset.com/elementfield/929343813/AMAMI_2023_FINAL.00_16_31_14.Still003-afddb3b9.jpg 300w, //images-pw.pixieset.com/elementfield/929343813/AMAMI_2023_FINAL.00_16_31_14.Still003-54284195.jpg 500w, //images-pw.pixieset.com/elementfield/929343813/AMAMI_2023_FINAL.00_16_31_14.Still003-353858c8.jpg 1000w, //images-pw.pixieset.com/elementfield/929343813/AMAMI_2023_FINAL.00_16_31_14.Still003-0365e651.jpg 1500w, //images-pw.pixieset.com/elementfield/929343813/AMAMI_2023_FINAL.00_16_31_14.Still003-33ca00dc.jpg 2500w" sizes="(max-width: 300px) 300px, (max-width: 500px) 500px, (max-width: 1000px) 1500px, (max-width: 1500px) 1500px, (max-width: 2500px) 2500px, 2500px" alt="Danny Pellei &amp; Co LLC Contact Moments pictures capture"></div> <div class="banner__tint js-tint">
</div>
</div>
<div class="banner__wrapper">
<h2 class="banner__title animatable animatable--large-title" style="--initial-opacity: 1; --initial-scale: 1; --initial-translateX: 0%; --initial-translateY: 0%;"><span class="spanify">Your</span>
<span class="spanify">Moments</span>
<span class="spanify">Immortalized</span>
</h2>
<div class="banner__button-wrapper">
<a class="banner__button-element button ps-button ps-button--md apply-overlay-button ca-button-2WwR12 ca-button-hover-2vX3bN ca-button-text-hover-ByWMag animatable animatable--fade-on-scaleDown animatable--fade-on-scaleUp animatable--fade-on-revealDown" href="/contact" style="--initial-opacity: 1; --initial-scale: 1; --initial-translateX: 0%; --initial-translateY: 0%;">
<span class="ps-button__text button__text ca-button-text-gPEqx2">Contact Me</span>
</a>
</div>
<h6 class="banner__subtitle animatable" style="--initial-opacity: 1; --initial-scale: 1; --initial-translateX: 0%; --initial-translateY: 0%;"><span class="spanify">Let’s</span>
<span class="spanify">capture</span>
<span class="spanify">your</span>
<span class="spanify">beautiful</span>
<span class="spanify">moments</span>
<span class="spanify">together</span>
</h6>
</div>
</div>
</div>
</div>
</div>
</div>
</div>
<div role="footer">
<div class="block-container block-theme10-footer ca-background-2WwzM2" id="block-container-O7pKWk" style="padding-top: calc(0.39 * var(--scaled-block-padding)); padding-bottom: calc(0 * var(--scaled-block-padding)); --primary-background:#262626;--primary-headings:#FFFFFF;--primary-paragraphs:#FFFFFF;--primary-details:#55575C;--accent-background:#2F2F2F;--accent-headings:#FFFFFF;--accent-paragraphs:#FFFFFF;--accent-details:#5D6067;--button-background:#EEF2F4;--button-text:#262626;--button-background-hover:#FFFFFF;--button-text-hover:#262626; --block-prop-padding-top: 0.39; --block-prop-padding-bottom: 0;">
<div class="block-container__block">
<div class="theme-10-footer footer--a">
<div class="footer__row footer__row--last">
<div class="footer__branding">
<div class="footer__ps-branding--enhanced ps-branding--enhanced">
<a class="ps-branding__link ca-pixieset-logo-2YvKlB ca-pixieset-logo-hover-NVMO1B animatable animatable--fade-only" target="_blank" rel="noopener noreferrer" href="https://pixieset.com/?utm_source=pixieset&amp;utm_medium=ps-website&amp;utm_campaign=ps-branding" style="--initial-opacity: 1; --initial-scale: 1; --initial-translateX: 0%; --initial-translateY: 0%;"><svg width="20" height="20" xmlns="http://www.w3.org/2000/svg"><g fill="none" fill-rule="evenodd"><path class="strokable" stroke-width=".5" d="M.25.25h19.5v19.5H.25z"></path><path class="fillable ca-pixieset-logo-fill-2wXzjB ca-pixieset-logo-fill-hover-2naGRg" d="M9.591 10.067v2.447c0 .529.058.857.174.985.157.182.394.273.712.273h.323v.23H7.2v-.23h.316c.355 0 .61-.116.762-.347.083-.128.124-.432.124-.91V7.086c0-.529-.056-.857-.167-.985-.161-.182-.401-.273-.719-.273H7.2V5.6h3.08c.75 0 1.344.077 1.777.232.434.155.8.416 1.097.784.297.368.446.803.446 1.307 0 .686-.226 1.244-.678 1.673-.453.43-1.092.644-1.918.644a5.41 5.41 0 0 1-.657-.043 8.56 8.56 0 0 1-.756-.13zm0-.353c.22.041.414.072.583.093.17.02.314.03.434.03.43 0 .8-.165 1.112-.498.311-.332.467-.763.467-1.292 0-.363-.074-.7-.223-1.013a1.54 1.54 0 0 0-.632-.7 1.848 1.848 0 0 0-.929-.232c-.21 0-.481.04-.812.118v3.494z"></path></g></svg>
</a>
</div>
</div>
<div class="footer__copyright">
<p class="copyright-text paragraph-3 ca-footer-text-ByWKeg animatable animatable--fade-on-scaleDown animatable--fade-on-scaleUp animatable--fade-on-revealRight" style="--initial-opacity: 1; --initial-scale: 1; --initial-translateX: 0%; --initial-translateY: 0%;">Danny &amp; Co Photography LLC © 2023</p>
</div>
<a class="go-to-top__link ps-arrow-link ca-arrow-NQ0nYB ca-arrow-hover-gan0M2 animatable" href="#" style="--initial-opacity: 1; --initial-scale: 1; --initial-translateX: 0%; --initial-translateY: 0%;"><i class="px-icon-arrow-up"></i></a>
</div>
</div>
</div>
</div>
</div>
</div>
</div>
<script>
	var sentryConfig = {
		dsn: 'https://dab2873be32f4034ad111643c52c98c0@sentry.io/1215049',
		environment: 'production',
		release: 'portfolio-website@release-2200',
		ignoreErrors: ['window.fd'],
		ignoreUrls: ['/googleapis\.com/',
			'/pagead2\.googlesyndication\.com',
			'/jquery\/dist\/jquery\.js/',
			'/tiny-cookie\/tiny-cookie\.js/',
			'/slick-carousel\/slick\/slick\.js/',
			'addthis'
		],
		denyUrls: [
			// Chrome extensions
			'/extensions\//i',
			'/^chrome:\/\//i',
		],
		initialScope: {
			
			
			tags: { theme: "theme_10" }			
		},
		beforeSend(event) {
			try {
				if (event.exception.values[0].value.startsWith('ResizeObserver loop')) return null;
			} catch (e) {
				// Silence is gold
			}
			return event;
		},
	};
</script>
<script>
	var cookieBannerOptions = {
		enable: false,
		message: "We use cookies to analyze site usage and ensure a smooth browsing experience. By using this website, you agree to our use of cookies.",
		linkText: "Learn more",
		linkUrl: '',
		ctaType: 0,
		ctaMessage: "Accept",
	};
</script>
<script src="https://assets-pw.pixieset.com/assets/client/js/manifest.v-07f2ecbd.js"></script>
<script src="https://assets-pw.pixieset.com/assets/client/js/vendor.v-86dd7af9.js"></script>
<script src="https://assets-pw.pixieset.com/assets/client/js/index.v-cfce46a9.js"></script>
<script src="https://assets-pw.pixieset.com/assets/client/js/themes/theme_10.v-2b34aa91.js"></script>

<script src="https://assets-pw.pixieset.com/assets/client/js/init-pw.v-b7494d2d.js"></script>


</body></html>
]]></system-out>
  <system-err><![CDATA[SLF4J: No SLF4J providers were found.
SLF4J: Defaulting to no-operation (NOP) logger implementation
SLF4J: See https://www.slf4j.org/codes.html#noProviders for further details.
SLF4J: Class path contains SLF4J bindings targeting slf4j-api versions 1.7.x or earlier.
SLF4J: Ignoring binding found at [jar:file:/Users/nurbolduisenbek/.gradle/caches/modules-2/files-2.1/ch.qos.logback/logback-classic/1.2.3/7c4f3c474fb2c041d8028740440937705ebb473a/logback-classic-1.2.3.jar!/org/slf4j/impl/StaticLoggerBinder.class]
SLF4J: See https://www.slf4j.org/codes.html#ignoredBindings for an explanation.
Nov 23, 2023 11:55:55 PM org.openqa.selenium.devtools.CdpVersionFinder findNearestMatch
WARNING: Unable to find an exact match for CDP version 119, so returning the closest version found: 115
]]></system-err>
</testsuite>
